2019-04-06 11:20:45 startup archives install
2019-04-06 11:20:45 install base-passwd:amd64 <none> 3.5.39
2019-04-06 11:20:45 status half-installed base-passwd:amd64 3.5.39
2019-04-06 11:20:45 status unpacked base-passwd:amd64 3.5.39
2019-04-06 11:20:45 status unpacked base-passwd:amd64 3.5.39
2019-04-06 11:20:45 configure base-passwd:amd64 3.5.39 3.5.39
2019-04-06 11:20:45 status unpacked base-passwd:amd64 3.5.39
2019-04-06 11:20:45 status half-configured base-passwd:amd64 3.5.39
2019-04-06 11:20:45 status installed base-passwd:amd64 3.5.39
2019-04-06 11:20:45 startup archives install
2019-04-06 11:20:45 install base-files:amd64 <none> 9.4ubuntu4
2019-04-06 11:20:45 status half-installed base-files:amd64 9.4ubuntu4
2019-04-06 11:20:45 status unpacked base-files:amd64 9.4ubuntu4
2019-04-06 11:20:45 status unpacked base-files:amd64 9.4ubuntu4
2019-04-06 11:20:45 configure base-files:amd64 9.4ubuntu4 9.4ubuntu4
2019-04-06 11:20:45 status unpacked base-files:amd64 9.4ubuntu4
2019-04-06 11:20:45 status unpacked base-files:amd64 9.4ubuntu4
2019-04-06 11:20:45 status unpacked base-files:amd64 9.4ubuntu4
2019-04-06 11:20:45 status unpacked base-files:amd64 9.4ubuntu4
2019-04-06 11:20:45 status unpacked base-files:amd64 9.4ubuntu4
2019-04-06 11:20:45 status unpacked base-files:amd64 9.4ubuntu4
2019-04-06 11:20:45 status unpacked base-files:amd64 9.4ubuntu4
2019-04-06 11:20:45 status unpacked base-files:amd64 9.4ubuntu4
2019-04-06 11:20:45 status unpacked base-files:amd64 9.4ubuntu4
2019-04-06 11:20:45 status unpacked base-files:amd64 9.4ubuntu4
2019-04-06 11:20:45 status unpacked base-files:amd64 9.4ubuntu4
2019-04-06 11:20:45 status half-configured base-files:amd64 9.4ubuntu4
2019-04-06 11:20:46 status installed base-files:amd64 9.4ubuntu4
2019-04-06 11:20:46 startup archives install
2019-04-06 11:20:46 upgrade dpkg 1.18.4ubuntu1 1.18.4ubuntu1
2019-04-06 11:20:46 status half-configured dpkg 1.18.4ubuntu1
2019-04-06 11:20:46 status unpacked dpkg 1.18.4ubuntu1
2019-04-06 11:20:46 status half-installed dpkg 1.18.4ubuntu1
2019-04-06 11:20:46 status half-installed dpkg 1.18.4ubuntu1
2019-04-06 11:20:46 status unpacked dpkg:amd64 1.18.4ubuntu1
2019-04-06 11:20:46 status unpacked dpkg:amd64 1.18.4ubuntu1
2019-04-06 11:20:46 configure dpkg:amd64 1.18.4ubuntu1 1.18.4ubuntu1
2019-04-06 11:20:46 status unpacked dpkg:amd64 1.18.4ubuntu1
2019-04-06 11:20:46 status unpacked dpkg:amd64 1.18.4ubuntu1
2019-04-06 11:20:46 status unpacked dpkg:amd64 1.18.4ubuntu1
2019-04-06 11:20:46 status unpacked dpkg:amd64 1.18.4ubuntu1
2019-04-06 11:20:46 status unpacked dpkg:amd64 1.18.4ubuntu1
2019-04-06 11:20:46 status half-configured dpkg:amd64 1.18.4ubuntu1
2019-04-06 11:20:46 status installed dpkg:amd64 1.18.4ubuntu1
2019-04-06 11:20:46 startup archives install
2019-04-06 11:20:46 install libc6:amd64 <none> 2.23-0ubuntu3
2019-04-06 11:20:46 status half-installed libc6:amd64 2.23-0ubuntu3
2019-04-06 11:20:47 status unpacked libc6:amd64 2.23-0ubuntu3
2019-04-06 11:20:47 status unpacked libc6:amd64 2.23-0ubuntu3
2019-04-06 11:20:47 configure libc6:amd64 2.23-0ubuntu3 2.23-0ubuntu3
2019-04-06 11:20:47 status unpacked libc6:amd64 2.23-0ubuntu3
2019-04-06 11:20:47 status unpacked libc6:amd64 2.23-0ubuntu3
2019-04-06 11:20:47 status half-configured libc6:amd64 2.23-0ubuntu3
2019-04-06 11:20:47 status installed libc6:amd64 2.23-0ubuntu3
2019-04-06 11:20:47 startup archives install
2019-04-06 11:20:47 install perl-base:amd64 <none> 5.22.1-9
2019-04-06 11:20:47 status half-installed perl-base:amd64 5.22.1-9
2019-04-06 11:20:47 status unpacked perl-base:amd64 5.22.1-9
2019-04-06 11:20:47 status unpacked perl-base:amd64 5.22.1-9
2019-04-06 11:20:47 configure perl-base:amd64 5.22.1-9 5.22.1-9
2019-04-06 11:20:47 status unpacked perl-base:amd64 5.22.1-9
2019-04-06 11:20:47 status half-configured perl-base:amd64 5.22.1-9
2019-04-06 11:20:47 status installed perl-base:amd64 5.22.1-9
2019-04-06 11:20:47 startup archives install
2019-04-06 11:20:48 install mawk:amd64 <none> 1.3.3-17ubuntu2
2019-04-06 11:20:48 status half-installed mawk:amd64 1.3.3-17ubuntu2
2019-04-06 11:20:48 status unpacked mawk:amd64 1.3.3-17ubuntu2
2019-04-06 11:20:48 status unpacked mawk:amd64 1.3.3-17ubuntu2
2019-04-06 11:20:48 configure mawk:amd64 1.3.3-17ubuntu2 1.3.3-17ubuntu2
2019-04-06 11:20:48 status unpacked mawk:amd64 1.3.3-17ubuntu2
2019-04-06 11:20:48 status half-configured mawk:amd64 1.3.3-17ubuntu2
2019-04-06 11:20:48 status installed mawk:amd64 1.3.3-17ubuntu2
2019-04-06 11:20:48 startup archives unpack
2019-04-06 11:20:49 install adduser:all <none> 3.113+nmu3ubuntu4
2019-04-06 11:20:49 status half-installed adduser:all 3.113+nmu3ubuntu4
2019-04-06 11:20:49 status unpacked adduser:all 3.113+nmu3ubuntu4
2019-04-06 11:20:49 status unpacked adduser:all 3.113+nmu3ubuntu4
2019-04-06 11:20:49 upgrade base-files:amd64 9.4ubuntu4 9.4ubuntu4
2019-04-06 11:20:49 status half-configured base-files:amd64 9.4ubuntu4
2019-04-06 11:20:49 status unpacked base-files:amd64 9.4ubuntu4
2019-04-06 11:20:49 status half-installed base-files:amd64 9.4ubuntu4
2019-04-06 11:20:49 status half-installed base-files:amd64 9.4ubuntu4
2019-04-06 11:20:49 status unpacked base-files:amd64 9.4ubuntu4
2019-04-06 11:20:49 status unpacked base-files:amd64 9.4ubuntu4
2019-04-06 11:20:49 upgrade base-passwd:amd64 3.5.39 3.5.39
2019-04-06 11:20:49 status half-configured base-passwd:amd64 3.5.39
2019-04-06 11:20:49 status unpacked base-passwd:amd64 3.5.39
2019-04-06 11:20:49 status half-installed base-passwd:amd64 3.5.39
2019-04-06 11:20:49 status half-installed base-passwd:amd64 3.5.39
2019-04-06 11:20:49 status unpacked base-passwd:amd64 3.5.39
2019-04-06 11:20:49 status unpacked base-passwd:amd64 3.5.39
2019-04-06 11:20:49 install bash:amd64 <none> 4.3-14ubuntu1
2019-04-06 11:20:49 status half-installed bash:amd64 4.3-14ubuntu1
2019-04-06 11:20:49 status unpacked bash:amd64 4.3-14ubuntu1
2019-04-06 11:20:49 status unpacked bash:amd64 4.3-14ubuntu1
2019-04-06 11:20:49 install bsdutils:amd64 <none> 1:2.27.1-6ubuntu3
2019-04-06 11:20:49 status half-installed bsdutils:amd64 1:2.27.1-6ubuntu3
2019-04-06 11:20:49 status unpacked bsdutils:amd64 1:2.27.1-6ubuntu3
2019-04-06 11:20:49 status unpacked bsdutils:amd64 1:2.27.1-6ubuntu3
2019-04-06 11:20:49 install coreutils:amd64 <none> 8.25-2ubuntu2
2019-04-06 11:20:49 status half-installed coreutils:amd64 8.25-2ubuntu2
2019-04-06 11:20:50 status unpacked coreutils:amd64 8.25-2ubuntu2
2019-04-06 11:20:50 status unpacked coreutils:amd64 8.25-2ubuntu2
2019-04-06 11:20:50 install dash:amd64 <none> 0.5.8-2.1ubuntu2
2019-04-06 11:20:50 status half-installed dash:amd64 0.5.8-2.1ubuntu2
2019-04-06 11:20:50 status unpacked dash:amd64 0.5.8-2.1ubuntu2
2019-04-06 11:20:50 status unpacked dash:amd64 0.5.8-2.1ubuntu2
2019-04-06 11:20:50 install debconf:all <none> 1.5.58ubuntu1
2019-04-06 11:20:50 status half-installed debconf:all 1.5.58ubuntu1
2019-04-06 11:20:50 status unpacked debconf:all 1.5.58ubuntu1
2019-04-06 11:20:50 status unpacked debconf:all 1.5.58ubuntu1
2019-04-06 11:20:50 install debianutils:amd64 <none> 4.7
2019-04-06 11:20:50 status half-installed debianutils:amd64 4.7
2019-04-06 11:20:50 status unpacked debianutils:amd64 4.7
2019-04-06 11:20:50 status unpacked debianutils:amd64 4.7
2019-04-06 11:20:50 install diffutils:amd64 <none> 1:3.3-3
2019-04-06 11:20:50 status half-installed diffutils:amd64 1:3.3-3
2019-04-06 11:20:51 status unpacked diffutils:amd64 1:3.3-3
2019-04-06 11:20:51 status unpacked diffutils:amd64 1:3.3-3
2019-04-06 11:20:51 upgrade dpkg:amd64 1.18.4ubuntu1 1.18.4ubuntu1
2019-04-06 11:20:51 status half-configured dpkg:amd64 1.18.4ubuntu1
2019-04-06 11:20:51 status unpacked dpkg:amd64 1.18.4ubuntu1
2019-04-06 11:20:51 status half-installed dpkg:amd64 1.18.4ubuntu1
2019-04-06 11:20:51 status half-installed dpkg:amd64 1.18.4ubuntu1
2019-04-06 11:20:51 status unpacked dpkg:amd64 1.18.4ubuntu1
2019-04-06 11:20:51 status unpacked dpkg:amd64 1.18.4ubuntu1
2019-04-06 11:20:51 install e2fslibs:amd64 <none> 1.42.13-1ubuntu1
2019-04-06 11:20:51 status half-installed e2fslibs:amd64 1.42.13-1ubuntu1
2019-04-06 11:20:51 status unpacked e2fslibs:amd64 1.42.13-1ubuntu1
2019-04-06 11:20:51 status unpacked e2fslibs:amd64 1.42.13-1ubuntu1
2019-04-06 11:20:51 install e2fsprogs:amd64 <none> 1.42.13-1ubuntu1
2019-04-06 11:20:51 status half-installed e2fsprogs:amd64 1.42.13-1ubuntu1
2019-04-06 11:20:51 status unpacked e2fsprogs:amd64 1.42.13-1ubuntu1
2019-04-06 11:20:51 status unpacked e2fsprogs:amd64 1.42.13-1ubuntu1
2019-04-06 11:20:51 install findutils:amd64 <none> 4.6.0+git+20160126-2
2019-04-06 11:20:51 status half-installed findutils:amd64 4.6.0+git+20160126-2
2019-04-06 11:20:51 status unpacked findutils:amd64 4.6.0+git+20160126-2
2019-04-06 11:20:51 status unpacked findutils:amd64 4.6.0+git+20160126-2
2019-04-06 11:20:51 install gcc-6-base:amd64 <none> 6.0.1-0ubuntu1
2019-04-06 11:20:51 status half-installed gcc-6-base:amd64 6.0.1-0ubuntu1
2019-04-06 11:20:51 status unpacked gcc-6-base:amd64 6.0.1-0ubuntu1
2019-04-06 11:20:52 status unpacked gcc-6-base:amd64 6.0.1-0ubuntu1
2019-04-06 11:20:52 install grep:amd64 <none> 2.24-1
2019-04-06 11:20:52 status half-installed grep:amd64 2.24-1
2019-04-06 11:20:52 status unpacked grep:amd64 2.24-1
2019-04-06 11:20:52 status unpacked grep:amd64 2.24-1
2019-04-06 11:20:52 install gzip:amd64 <none> 1.6-4ubuntu1
2019-04-06 11:20:52 status half-installed gzip:amd64 1.6-4ubuntu1
2019-04-06 11:20:52 status unpacked gzip:amd64 1.6-4ubuntu1
2019-04-06 11:20:52 status unpacked gzip:amd64 1.6-4ubuntu1
2019-04-06 11:20:52 install hostname:amd64 <none> 3.16ubuntu2
2019-04-06 11:20:52 status half-installed hostname:amd64 3.16ubuntu2
2019-04-06 11:20:52 status unpacked hostname:amd64 3.16ubuntu2
2019-04-06 11:20:52 status unpacked hostname:amd64 3.16ubuntu2
2019-04-06 11:20:52 install init:amd64 <none> 1.29ubuntu1
2019-04-06 11:20:52 status half-installed init:amd64 1.29ubuntu1
2019-04-06 11:20:52 status unpacked init:amd64 1.29ubuntu1
2019-04-06 11:20:53 status unpacked init:amd64 1.29ubuntu1
2019-04-06 11:20:53 install init-system-helpers:all <none> 1.29ubuntu1
2019-04-06 11:20:53 status half-installed init-system-helpers:all 1.29ubuntu1
2019-04-06 11:20:53 status unpacked init-system-helpers:all 1.29ubuntu1
2019-04-06 11:20:53 status unpacked init-system-helpers:all 1.29ubuntu1
2019-04-06 11:20:53 install initscripts:amd64 <none> 2.88dsf-59.3ubuntu2
2019-04-06 11:20:53 status half-installed initscripts:amd64 2.88dsf-59.3ubuntu2
2019-04-06 11:20:54 status unpacked initscripts:amd64 2.88dsf-59.3ubuntu2
2019-04-06 11:20:54 status unpacked initscripts:amd64 2.88dsf-59.3ubuntu2
2019-04-06 11:20:54 install insserv:amd64 <none> 1.14.0-5ubuntu3
2019-04-06 11:20:54 status half-installed insserv:amd64 1.14.0-5ubuntu3
2019-04-06 11:20:54 status unpacked insserv:amd64 1.14.0-5ubuntu3
2019-04-06 11:20:54 status unpacked insserv:amd64 1.14.0-5ubuntu3
2019-04-06 11:20:54 install libacl1:amd64 <none> 2.2.52-3
2019-04-06 11:20:54 status half-installed libacl1:amd64 2.2.52-3
2019-04-06 11:20:55 status unpacked libacl1:amd64 2.2.52-3
2019-04-06 11:20:55 status unpacked libacl1:amd64 2.2.52-3
2019-04-06 11:20:55 install libapparmor1:amd64 <none> 2.10.95-0ubuntu2
2019-04-06 11:20:55 status half-installed libapparmor1:amd64 2.10.95-0ubuntu2
2019-04-06 11:20:55 status unpacked libapparmor1:amd64 2.10.95-0ubuntu2
2019-04-06 11:20:55 status unpacked libapparmor1:amd64 2.10.95-0ubuntu2
2019-04-06 11:20:55 install libattr1:amd64 <none> 1:2.4.47-2
2019-04-06 11:20:55 status half-installed libattr1:amd64 1:2.4.47-2
2019-04-06 11:20:56 status unpacked libattr1:amd64 1:2.4.47-2
2019-04-06 11:20:56 status unpacked libattr1:amd64 1:2.4.47-2
2019-04-06 11:20:56 install libaudit-common:all <none> 1:2.4.5-1ubuntu2
2019-04-06 11:20:56 status half-installed libaudit-common:all 1:2.4.5-1ubuntu2
2019-04-06 11:20:56 status unpacked libaudit-common:all 1:2.4.5-1ubuntu2
2019-04-06 11:20:56 status unpacked libaudit-common:all 1:2.4.5-1ubuntu2
2019-04-06 11:20:56 install libaudit1:amd64 <none> 1:2.4.5-1ubuntu2
2019-04-06 11:20:56 status half-installed libaudit1:amd64 1:2.4.5-1ubuntu2
2019-04-06 11:20:56 status unpacked libaudit1:amd64 1:2.4.5-1ubuntu2
2019-04-06 11:20:56 status unpacked libaudit1:amd64 1:2.4.5-1ubuntu2
2019-04-06 11:20:57 install libblkid1:amd64 <none> 2.27.1-6ubuntu3
2019-04-06 11:20:57 status half-installed libblkid1:amd64 2.27.1-6ubuntu3
2019-04-06 11:20:57 status unpacked libblkid1:amd64 2.27.1-6ubuntu3
2019-04-06 11:20:57 status unpacked libblkid1:amd64 2.27.1-6ubuntu3
2019-04-06 11:20:57 install libbz2-1.0:amd64 <none> 1.0.6-8
2019-04-06 11:20:57 status half-installed libbz2-1.0:amd64 1.0.6-8
2019-04-06 11:20:57 status unpacked libbz2-1.0:amd64 1.0.6-8
2019-04-06 11:20:57 status unpacked libbz2-1.0:amd64 1.0.6-8
2019-04-06 11:20:57 install libc-bin:amd64 <none> 2.23-0ubuntu3
2019-04-06 11:20:57 status half-installed libc-bin:amd64 2.23-0ubuntu3
2019-04-06 11:20:57 status unpacked libc-bin:amd64 2.23-0ubuntu3
2019-04-06 11:20:57 status unpacked libc-bin:amd64 2.23-0ubuntu3
2019-04-06 11:20:58 upgrade libc6:amd64 2.23-0ubuntu3 2.23-0ubuntu3
2019-04-06 11:20:58 status half-configured libc6:amd64 2.23-0ubuntu3
2019-04-06 11:20:58 status unpacked libc6:amd64 2.23-0ubuntu3
2019-04-06 11:20:58 status half-installed libc6:amd64 2.23-0ubuntu3
2019-04-06 11:20:58 status half-installed libc6:amd64 2.23-0ubuntu3
2019-04-06 11:20:58 status unpacked libc6:amd64 2.23-0ubuntu3
2019-04-06 11:20:58 status unpacked libc6:amd64 2.23-0ubuntu3
2019-04-06 11:20:58 install libcap2:amd64 <none> 1:2.24-12
2019-04-06 11:20:58 status half-installed libcap2:amd64 1:2.24-12
2019-04-06 11:20:58 status unpacked libcap2:amd64 1:2.24-12
2019-04-06 11:20:58 status unpacked libcap2:amd64 1:2.24-12
2019-04-06 11:20:58 install libcap2-bin:amd64 <none> 1:2.24-12
2019-04-06 11:20:58 status half-installed libcap2-bin:amd64 1:2.24-12
2019-04-06 11:20:58 status unpacked libcap2-bin:amd64 1:2.24-12
2019-04-06 11:20:58 status unpacked libcap2-bin:amd64 1:2.24-12
2019-04-06 11:20:58 install libcomerr2:amd64 <none> 1.42.13-1ubuntu1
2019-04-06 11:20:58 status half-installed libcomerr2:amd64 1.42.13-1ubuntu1
2019-04-06 11:20:59 status unpacked libcomerr2:amd64 1.42.13-1ubuntu1
2019-04-06 11:20:59 status unpacked libcomerr2:amd64 1.42.13-1ubuntu1
2019-04-06 11:20:59 install libcryptsetup4:amd64 <none> 2:1.6.6-5ubuntu2
2019-04-06 11:20:59 status half-installed libcryptsetup4:amd64 2:1.6.6-5ubuntu2
2019-04-06 11:20:59 status unpacked libcryptsetup4:amd64 2:1.6.6-5ubuntu2
2019-04-06 11:20:59 status unpacked libcryptsetup4:amd64 2:1.6.6-5ubuntu2
2019-04-06 11:20:59 install libdb5.3:amd64 <none> 5.3.28-11
2019-04-06 11:20:59 status half-installed libdb5.3:amd64 5.3.28-11
2019-04-06 11:20:59 status unpacked libdb5.3:amd64 5.3.28-11
2019-04-06 11:20:59 status unpacked libdb5.3:amd64 5.3.28-11
2019-04-06 11:20:59 install libdebconfclient0:amd64 <none> 0.198ubuntu1
2019-04-06 11:20:59 status half-installed libdebconfclient0:amd64 0.198ubuntu1
2019-04-06 11:20:59 status unpacked libdebconfclient0:amd64 0.198ubuntu1
2019-04-06 11:20:59 status unpacked libdebconfclient0:amd64 0.198ubuntu1
2019-04-06 11:20:59 install libdevmapper1.02.1:amd64 <none> 2:1.02.110-1ubuntu10
2019-04-06 11:20:59 status half-installed libdevmapper1.02.1:amd64 2:1.02.110-1ubuntu10
2019-04-06 11:20:59 status unpacked libdevmapper1.02.1:amd64 2:1.02.110-1ubuntu10
2019-04-06 11:20:59 status unpacked libdevmapper1.02.1:amd64 2:1.02.110-1ubuntu10
2019-04-06 11:20:59 install libfdisk1:amd64 <none> 2.27.1-6ubuntu3
2019-04-06 11:20:59 status half-installed libfdisk1:amd64 2.27.1-6ubuntu3
2019-04-06 11:20:59 status unpacked libfdisk1:amd64 2.27.1-6ubuntu3
2019-04-06 11:20:59 status unpacked libfdisk1:amd64 2.27.1-6ubuntu3
2019-04-06 11:20:59 install libgcc1:amd64 <none> 1:6.0.1-0ubuntu1
2019-04-06 11:20:59 status half-installed libgcc1:amd64 1:6.0.1-0ubuntu1
2019-04-06 11:21:00 status unpacked libgcc1:amd64 1:6.0.1-0ubuntu1
2019-04-06 11:21:00 status unpacked libgcc1:amd64 1:6.0.1-0ubuntu1
2019-04-06 11:21:00 install libgcrypt20:amd64 <none> 1.6.5-2
2019-04-06 11:21:00 status half-installed libgcrypt20:amd64 1.6.5-2
2019-04-06 11:21:00 status unpacked libgcrypt20:amd64 1.6.5-2
2019-04-06 11:21:00 status unpacked libgcrypt20:amd64 1.6.5-2
2019-04-06 11:21:00 install libgpg-error0:amd64 <none> 1.21-2ubuntu1
2019-04-06 11:21:00 status half-installed libgpg-error0:amd64 1.21-2ubuntu1
2019-04-06 11:21:00 status unpacked libgpg-error0:amd64 1.21-2ubuntu1
2019-04-06 11:21:00 status unpacked libgpg-error0:amd64 1.21-2ubuntu1
2019-04-06 11:21:00 install libkmod2:amd64 <none> 22-1ubuntu4
2019-04-06 11:21:00 status half-installed libkmod2:amd64 22-1ubuntu4
2019-04-06 11:21:00 status unpacked libkmod2:amd64 22-1ubuntu4
2019-04-06 11:21:00 status unpacked libkmod2:amd64 22-1ubuntu4
2019-04-06 11:21:00 install liblzma5:amd64 <none> 5.1.1alpha+20120614-2ubuntu2
2019-04-06 11:21:00 status half-installed liblzma5:amd64 5.1.1alpha+20120614-2ubuntu2
2019-04-06 11:21:00 status unpacked liblzma5:amd64 5.1.1alpha+20120614-2ubuntu2
2019-04-06 11:21:00 status unpacked liblzma5:amd64 5.1.1alpha+20120614-2ubuntu2
2019-04-06 11:21:01 install libmount1:amd64 <none> 2.27.1-6ubuntu3
2019-04-06 11:21:01 status half-installed libmount1:amd64 2.27.1-6ubuntu3
2019-04-06 11:21:01 status unpacked libmount1:amd64 2.27.1-6ubuntu3
2019-04-06 11:21:01 status unpacked libmount1:amd64 2.27.1-6ubuntu3
2019-04-06 11:21:01 install libncurses5:amd64 <none> 6.0+20160213-1ubuntu1
2019-04-06 11:21:01 status half-installed libncurses5:amd64 6.0+20160213-1ubuntu1
2019-04-06 11:21:01 status unpacked libncurses5:amd64 6.0+20160213-1ubuntu1
2019-04-06 11:21:01 status unpacked libncurses5:amd64 6.0+20160213-1ubuntu1
2019-04-06 11:21:02 install libncursesw5:amd64 <none> 6.0+20160213-1ubuntu1
2019-04-06 11:21:02 status half-installed libncursesw5:amd64 6.0+20160213-1ubuntu1
2019-04-06 11:21:02 status unpacked libncursesw5:amd64 6.0+20160213-1ubuntu1
2019-04-06 11:21:02 status unpacked libncursesw5:amd64 6.0+20160213-1ubuntu1
2019-04-06 11:21:02 install libpam-modules:amd64 <none> 1.1.8-3.2ubuntu2
2019-04-06 11:21:02 status half-installed libpam-modules:amd64 1.1.8-3.2ubuntu2
2019-04-06 11:21:04 status unpacked libpam-modules:amd64 1.1.8-3.2ubuntu2
2019-04-06 11:21:06 status unpacked libpam-modules:amd64 1.1.8-3.2ubuntu2
2019-04-06 11:21:06 install libpam-modules-bin:amd64 <none> 1.1.8-3.2ubuntu2
2019-04-06 11:21:06 status half-installed libpam-modules-bin:amd64 1.1.8-3.2ubuntu2
2019-04-06 11:21:07 status unpacked libpam-modules-bin:amd64 1.1.8-3.2ubuntu2
2019-04-06 11:21:07 status unpacked libpam-modules-bin:amd64 1.1.8-3.2ubuntu2
2019-04-06 11:21:07 install libpam-runtime:all <none> 1.1.8-3.2ubuntu2
2019-04-06 11:21:07 status half-installed libpam-runtime:all 1.1.8-3.2ubuntu2
2019-04-06 11:21:07 status unpacked libpam-runtime:all 1.1.8-3.2ubuntu2
2019-04-06 11:21:07 status unpacked libpam-runtime:all 1.1.8-3.2ubuntu2
2019-04-06 11:21:08 install libpam0g:amd64 <none> 1.1.8-3.2ubuntu2
2019-04-06 11:21:08 status half-installed libpam0g:amd64 1.1.8-3.2ubuntu2
2019-04-06 11:21:08 status unpacked libpam0g:amd64 1.1.8-3.2ubuntu2
2019-04-06 11:21:08 status unpacked libpam0g:amd64 1.1.8-3.2ubuntu2
2019-04-06 11:21:08 install libpcre3:amd64 <none> 2:8.38-3.1
2019-04-06 11:21:08 status half-installed libpcre3:amd64 2:8.38-3.1
2019-04-06 11:21:09 status unpacked libpcre3:amd64 2:8.38-3.1
2019-04-06 11:21:09 status unpacked libpcre3:amd64 2:8.38-3.1
2019-04-06 11:21:09 install libprocps4:amd64 <none> 2:3.3.10-4ubuntu2
2019-04-06 11:21:09 status half-installed libprocps4:amd64 2:3.3.10-4ubuntu2
2019-04-06 11:21:09 status unpacked libprocps4:amd64 2:3.3.10-4ubuntu2
2019-04-06 11:21:09 status unpacked libprocps4:amd64 2:3.3.10-4ubuntu2
2019-04-06 11:21:09 install libseccomp2:amd64 <none> 2.2.3-3ubuntu3
2019-04-06 11:21:09 status half-installed libseccomp2:amd64 2.2.3-3ubuntu3
2019-04-06 11:21:09 status unpacked libseccomp2:amd64 2.2.3-3ubuntu3
2019-04-06 11:21:09 status unpacked libseccomp2:amd64 2.2.3-3ubuntu3
2019-04-06 11:21:09 install libselinux1:amd64 <none> 2.4-3build2
2019-04-06 11:21:09 status half-installed libselinux1:amd64 2.4-3build2
2019-04-06 11:21:09 status unpacked libselinux1:amd64 2.4-3build2
2019-04-06 11:21:09 status unpacked libselinux1:amd64 2.4-3build2
2019-04-06 11:21:10 install libsemanage-common:all <none> 2.3-1build3
2019-04-06 11:21:10 status half-installed libsemanage-common:all 2.3-1build3
2019-04-06 11:21:10 status unpacked libsemanage-common:all 2.3-1build3
2019-04-06 11:21:10 status unpacked libsemanage-common:all 2.3-1build3
2019-04-06 11:21:10 install libsemanage1:amd64 <none> 2.3-1build3
2019-04-06 11:21:10 status half-installed libsemanage1:amd64 2.3-1build3
2019-04-06 11:21:10 status unpacked libsemanage1:amd64 2.3-1build3
2019-04-06 11:21:10 status unpacked libsemanage1:amd64 2.3-1build3
2019-04-06 11:21:10 install libsepol1:amd64 <none> 2.4-2
2019-04-06 11:21:10 status half-installed libsepol1:amd64 2.4-2
2019-04-06 11:21:10 status unpacked libsepol1:amd64 2.4-2
2019-04-06 11:21:10 status unpacked libsepol1:amd64 2.4-2
2019-04-06 11:21:10 install libsmartcols1:amd64 <none> 2.27.1-6ubuntu3
2019-04-06 11:21:10 status half-installed libsmartcols1:amd64 2.27.1-6ubuntu3
2019-04-06 11:21:10 status unpacked libsmartcols1:amd64 2.27.1-6ubuntu3
2019-04-06 11:21:10 status unpacked libsmartcols1:amd64 2.27.1-6ubuntu3
2019-04-06 11:21:10 install libss2:amd64 <none> 1.42.13-1ubuntu1
2019-04-06 11:21:10 status half-installed libss2:amd64 1.42.13-1ubuntu1
2019-04-06 11:21:10 status unpacked libss2:amd64 1.42.13-1ubuntu1
2019-04-06 11:21:10 status unpacked libss2:amd64 1.42.13-1ubuntu1
2019-04-06 11:21:10 install libsystemd0:amd64 <none> 229-4ubuntu4
2019-04-06 11:21:10 status half-installed libsystemd0:amd64 229-4ubuntu4
2019-04-06 11:21:11 status unpacked libsystemd0:amd64 229-4ubuntu4
2019-04-06 11:21:11 status unpacked libsystemd0:amd64 229-4ubuntu4
2019-04-06 11:21:11 install libtinfo5:amd64 <none> 6.0+20160213-1ubuntu1
2019-04-06 11:21:11 status half-installed libtinfo5:amd64 6.0+20160213-1ubuntu1
2019-04-06 11:21:11 status unpacked libtinfo5:amd64 6.0+20160213-1ubuntu1
2019-04-06 11:21:11 status unpacked libtinfo5:amd64 6.0+20160213-1ubuntu1
2019-04-06 11:21:11 install libudev1:amd64 <none> 229-4ubuntu4
2019-04-06 11:21:11 status half-installed libudev1:amd64 229-4ubuntu4
2019-04-06 11:21:11 status unpacked libudev1:amd64 229-4ubuntu4
2019-04-06 11:21:11 status unpacked libudev1:amd64 229-4ubuntu4
2019-04-06 11:21:11 install libustr-1.0-1:amd64 <none> 1.0.4-5
2019-04-06 11:21:11 status half-installed libustr-1.0-1:amd64 1.0.4-5
2019-04-06 11:21:11 status unpacked libustr-1.0-1:amd64 1.0.4-5
2019-04-06 11:21:11 status unpacked libustr-1.0-1:amd64 1.0.4-5
2019-04-06 11:21:11 install libuuid1:amd64 <none> 2.27.1-6ubuntu3
2019-04-06 11:21:11 status half-installed libuuid1:amd64 2.27.1-6ubuntu3
2019-04-06 11:21:11 status unpacked libuuid1:amd64 2.27.1-6ubuntu3
2019-04-06 11:21:11 status unpacked libuuid1:amd64 2.27.1-6ubuntu3
2019-04-06 11:21:11 install locales:all <none> 2.23-0ubuntu3
2019-04-06 11:21:11 status half-installed locales:all 2.23-0ubuntu3
2019-04-06 11:21:12 status unpacked locales:all 2.23-0ubuntu3
2019-04-06 11:21:12 status unpacked locales:all 2.23-0ubuntu3
2019-04-06 11:21:12 install login:amd64 <none> 1:4.2-3.1ubuntu5
2019-04-06 11:21:12 status half-installed login:amd64 1:4.2-3.1ubuntu5
2019-04-06 11:21:14 status unpacked login:amd64 1:4.2-3.1ubuntu5
2019-04-06 11:21:14 status unpacked login:amd64 1:4.2-3.1ubuntu5
2019-04-06 11:21:14 install lsb-base:all <none> 9.20160110
2019-04-06 11:21:14 status half-installed lsb-base:all 9.20160110
2019-04-06 11:21:15 status unpacked lsb-base:all 9.20160110
2019-04-06 11:21:15 status unpacked lsb-base:all 9.20160110
2019-04-06 11:21:15 install makedev:all <none> 2.3.1-93ubuntu1
2019-04-06 11:21:15 status half-installed makedev:all 2.3.1-93ubuntu1
2019-04-06 11:21:15 status unpacked makedev:all 2.3.1-93ubuntu1
2019-04-06 11:21:15 status unpacked makedev:all 2.3.1-93ubuntu1
2019-04-06 11:21:16 upgrade mawk:amd64 1.3.3-17ubuntu2 1.3.3-17ubuntu2
2019-04-06 11:21:16 status half-configured mawk:amd64 1.3.3-17ubuntu2
2019-04-06 11:21:16 status unpacked mawk:amd64 1.3.3-17ubuntu2
2019-04-06 11:21:16 status half-installed mawk:amd64 1.3.3-17ubuntu2
2019-04-06 11:21:16 status half-installed mawk:amd64 1.3.3-17ubuntu2
2019-04-06 11:21:16 status unpacked mawk:amd64 1.3.3-17ubuntu2
2019-04-06 11:21:17 status unpacked mawk:amd64 1.3.3-17ubuntu2
2019-04-06 11:21:17 install mount:amd64 <none> 2.27.1-6ubuntu3
2019-04-06 11:21:17 status half-installed mount:amd64 2.27.1-6ubuntu3
2019-04-06 11:21:17 status unpacked mount:amd64 2.27.1-6ubuntu3
2019-04-06 11:21:17 status unpacked mount:amd64 2.27.1-6ubuntu3
2019-04-06 11:21:17 install multiarch-support:amd64 <none> 2.23-0ubuntu3
2019-04-06 11:21:17 status half-installed multiarch-support:amd64 2.23-0ubuntu3
2019-04-06 11:21:18 status unpacked multiarch-support:amd64 2.23-0ubuntu3
2019-04-06 11:21:18 status unpacked multiarch-support:amd64 2.23-0ubuntu3
2019-04-06 11:21:18 install ncurses-base:all <none> 6.0+20160213-1ubuntu1
2019-04-06 11:21:18 status half-installed ncurses-base:all 6.0+20160213-1ubuntu1
2019-04-06 11:21:18 status unpacked ncurses-base:all 6.0+20160213-1ubuntu1
2019-04-06 11:21:19 status unpacked ncurses-base:all 6.0+20160213-1ubuntu1
2019-04-06 11:21:19 install ncurses-bin:amd64 <none> 6.0+20160213-1ubuntu1
2019-04-06 11:21:19 status half-installed ncurses-bin:amd64 6.0+20160213-1ubuntu1
2019-04-06 11:21:21 status unpacked ncurses-bin:amd64 6.0+20160213-1ubuntu1
2019-04-06 11:21:21 status unpacked ncurses-bin:amd64 6.0+20160213-1ubuntu1
2019-04-06 11:21:21 install passwd:amd64 <none> 1:4.2-3.1ubuntu5
2019-04-06 11:21:21 status half-installed passwd:amd64 1:4.2-3.1ubuntu5
2019-04-06 11:21:25 status unpacked passwd:amd64 1:4.2-3.1ubuntu5
2019-04-06 11:21:25 status unpacked passwd:amd64 1:4.2-3.1ubuntu5
2019-04-06 11:21:26 upgrade perl-base:amd64 5.22.1-9 5.22.1-9
2019-04-06 11:21:26 status half-configured perl-base:amd64 5.22.1-9
2019-04-06 11:21:26 status unpacked perl-base:amd64 5.22.1-9
2019-04-06 11:21:26 status half-installed perl-base:amd64 5.22.1-9
2019-04-06 11:21:33 status half-installed perl-base:amd64 5.22.1-9
2019-04-06 11:21:33 status unpacked perl-base:amd64 5.22.1-9
2019-04-06 11:21:33 status unpacked perl-base:amd64 5.22.1-9
2019-04-06 11:21:34 install procps:amd64 <none> 2:3.3.10-4ubuntu2
2019-04-06 11:21:34 status half-installed procps:amd64 2:3.3.10-4ubuntu2
2019-04-06 11:21:35 status unpacked procps:amd64 2:3.3.10-4ubuntu2
2019-04-06 11:21:35 status unpacked procps:amd64 2:3.3.10-4ubuntu2
2019-04-06 11:21:35 install sed:amd64 <none> 4.2.2-7
2019-04-06 11:21:35 status half-installed sed:amd64 4.2.2-7
2019-04-06 11:21:35 status unpacked sed:amd64 4.2.2-7
2019-04-06 11:21:35 status unpacked sed:amd64 4.2.2-7
2019-04-06 11:21:35 install sensible-utils:all <none> 0.0.9
2019-04-06 11:21:35 status half-installed sensible-utils:all 0.0.9
2019-04-06 11:21:36 status unpacked sensible-utils:all 0.0.9
2019-04-06 11:21:36 status unpacked sensible-utils:all 0.0.9
2019-04-06 11:21:36 install systemd:amd64 <none> 229-4ubuntu4
2019-04-06 11:21:36 status half-installed systemd:amd64 229-4ubuntu4
2019-04-06 11:21:43 status unpacked systemd:amd64 229-4ubuntu4
2019-04-06 11:21:43 status unpacked systemd:amd64 229-4ubuntu4
2019-04-06 11:21:43 install systemd-sysv:amd64 <none> 229-4ubuntu4
2019-04-06 11:21:43 status half-installed systemd-sysv:amd64 229-4ubuntu4
2019-04-06 11:21:43 status unpacked systemd-sysv:amd64 229-4ubuntu4
2019-04-06 11:21:43 status unpacked systemd-sysv:amd64 229-4ubuntu4
2019-04-06 11:21:44 install sysv-rc:all <none> 2.88dsf-59.3ubuntu2
2019-04-06 11:21:44 status half-installed sysv-rc:all 2.88dsf-59.3ubuntu2
2019-04-06 11:21:44 status unpacked sysv-rc:all 2.88dsf-59.3ubuntu2
2019-04-06 11:21:44 status unpacked sysv-rc:all 2.88dsf-59.3ubuntu2
2019-04-06 11:21:44 install sysvinit-utils:amd64 <none> 2.88dsf-59.3ubuntu2
2019-04-06 11:21:44 status half-installed sysvinit-utils:amd64 2.88dsf-59.3ubuntu2
2019-04-06 11:21:45 status unpacked sysvinit-utils:amd64 2.88dsf-59.3ubuntu2
2019-04-06 11:21:45 status unpacked sysvinit-utils:amd64 2.88dsf-59.3ubuntu2
2019-04-06 11:21:45 install tar:amd64 <none> 1.28-2.1
2019-04-06 11:21:45 status half-installed tar:amd64 1.28-2.1
2019-04-06 11:21:45 status unpacked tar:amd64 1.28-2.1
2019-04-06 11:21:45 status unpacked tar:amd64 1.28-2.1
2019-04-06 11:21:46 install tzdata:all <none> 2016d-0ubuntu0.16.04
2019-04-06 11:21:46 status half-installed tzdata:all 2016d-0ubuntu0.16.04
2019-04-06 11:21:56 status unpacked tzdata:all 2016d-0ubuntu0.16.04
2019-04-06 11:21:56 status unpacked tzdata:all 2016d-0ubuntu0.16.04
2019-04-06 11:21:57 install util-linux:amd64 <none> 2.27.1-6ubuntu3
2019-04-06 11:21:57 status half-installed util-linux:amd64 2.27.1-6ubuntu3
2019-04-06 11:22:01 status unpacked util-linux:amd64 2.27.1-6ubuntu3
2019-04-06 11:22:01 status unpacked util-linux:amd64 2.27.1-6ubuntu3
2019-04-06 11:22:01 install zlib1g:amd64 <none> 1:1.2.8.dfsg-2ubuntu4
2019-04-06 11:22:01 status half-installed zlib1g:amd64 1:1.2.8.dfsg-2ubuntu4
2019-04-06 11:22:01 status unpacked zlib1g:amd64 1:1.2.8.dfsg-2ubuntu4
2019-04-06 11:22:01 status unpacked zlib1g:amd64 1:1.2.8.dfsg-2ubuntu4
2019-04-06 11:22:01 startup packages configure
2019-04-06 11:22:01 configure gcc-6-base:amd64 6.0.1-0ubuntu1 <none>
2019-04-06 11:22:01 status unpacked gcc-6-base:amd64 6.0.1-0ubuntu1
2019-04-06 11:22:01 status half-configured gcc-6-base:amd64 6.0.1-0ubuntu1
2019-04-06 11:22:02 status installed gcc-6-base:amd64 6.0.1-0ubuntu1
2019-04-06 11:22:02 configure lsb-base:all 9.20160110 <none>
2019-04-06 11:22:02 status unpacked lsb-base:all 9.20160110
2019-04-06 11:22:02 status half-configured lsb-base:all 9.20160110
2019-04-06 11:22:02 status installed lsb-base:all 9.20160110
2019-04-06 11:22:02 configure sensible-utils:all 0.0.9 <none>
2019-04-06 11:22:02 status unpacked sensible-utils:all 0.0.9
2019-04-06 11:22:02 status half-configured sensible-utils:all 0.0.9
2019-04-06 11:22:02 status installed sensible-utils:all 0.0.9
2019-04-06 11:22:02 configure ncurses-base:all 6.0+20160213-1ubuntu1 <none>
2019-04-06 11:22:02 status unpacked ncurses-base:all 6.0+20160213-1ubuntu1
2019-04-06 11:22:02 status unpacked ncurses-base:all 6.0+20160213-1ubuntu1
2019-04-06 11:22:02 status half-configured ncurses-base:all 6.0+20160213-1ubuntu1
2019-04-06 11:22:02 status installed ncurses-base:all 6.0+20160213-1ubuntu1
2019-04-06 11:22:02 configure libsemanage-common:all 2.3-1build3 <none>
2019-04-06 11:22:02 status unpacked libsemanage-common:all 2.3-1build3
2019-04-06 11:22:02 status unpacked libsemanage-common:all 2.3-1build3
2019-04-06 11:22:02 status half-configured libsemanage-common:all 2.3-1build3
2019-04-06 11:22:02 status installed libsemanage-common:all 2.3-1build3
2019-04-06 11:22:02 configure libaudit-common:all 1:2.4.5-1ubuntu2 <none>
2019-04-06 11:22:02 status unpacked libaudit-common:all 1:2.4.5-1ubuntu2
2019-04-06 11:22:02 status unpacked libaudit-common:all 1:2.4.5-1ubuntu2
2019-04-06 11:22:03 status half-configured libaudit-common:all 1:2.4.5-1ubuntu2
2019-04-06 11:22:03 status installed libaudit-common:all 1:2.4.5-1ubuntu2
2019-04-06 11:22:03 configure libc6:amd64 2.23-0ubuntu3 <none>
2019-04-06 11:22:03 status unpacked libc6:amd64 2.23-0ubuntu3
2019-04-06 11:22:03 status unpacked libc6:amd64 2.23-0ubuntu3
2019-04-06 11:22:03 status half-configured libc6:amd64 2.23-0ubuntu3
2019-04-06 11:22:03 status installed libc6:amd64 2.23-0ubuntu3
2019-04-06 11:22:03 configure libbz2-1.0:amd64 1.0.6-8 <none>
2019-04-06 11:22:03 status unpacked libbz2-1.0:amd64 1.0.6-8
2019-04-06 11:22:03 status half-configured libbz2-1.0:amd64 1.0.6-8
2019-04-06 11:22:03 status installed libbz2-1.0:amd64 1.0.6-8
2019-04-06 11:22:03 configure libkmod2:amd64 22-1ubuntu4 <none>
2019-04-06 11:22:03 status unpacked libkmod2:amd64 22-1ubuntu4
2019-04-06 11:22:03 status half-configured libkmod2:amd64 22-1ubuntu4
2019-04-06 11:22:03 status installed libkmod2:amd64 22-1ubuntu4
2019-04-06 11:22:03 configure libgpg-error0:amd64 1.21-2ubuntu1 <none>
2019-04-06 11:22:03 status unpacked libgpg-error0:amd64 1.21-2ubuntu1
2019-04-06 11:22:03 status half-configured libgpg-error0:amd64 1.21-2ubuntu1
2019-04-06 11:22:03 status installed libgpg-error0:amd64 1.21-2ubuntu1
2019-04-06 11:22:04 configure libc-bin:amd64 2.23-0ubuntu3 <none>
2019-04-06 11:22:04 status unpacked libc-bin:amd64 2.23-0ubuntu3
2019-04-06 11:22:04 status unpacked libc-bin:amd64 2.23-0ubuntu3
2019-04-06 11:22:04 status unpacked libc-bin:amd64 2.23-0ubuntu3
2019-04-06 11:22:04 status unpacked libc-bin:amd64 2.23-0ubuntu3
2019-04-06 11:22:04 status unpacked libc-bin:amd64 2.23-0ubuntu3
2019-04-06 11:22:04 status unpacked libc-bin:amd64 2.23-0ubuntu3
2019-04-06 11:22:04 status half-configured libc-bin:amd64 2.23-0ubuntu3
2019-04-06 11:22:04 status installed libc-bin:amd64 2.23-0ubuntu3
2019-04-06 11:22:04 configure libseccomp2:amd64 2.2.3-3ubuntu3 <none>
2019-04-06 11:22:04 status triggers-pending libc-bin:amd64 2.23-0ubuntu3
2019-04-06 11:22:04 status unpacked libseccomp2:amd64 2.2.3-3ubuntu3
2019-04-06 11:22:04 status half-configured libseccomp2:amd64 2.2.3-3ubuntu3
2019-04-06 11:22:04 status installed libseccomp2:amd64 2.2.3-3ubuntu3
2019-04-06 11:22:04 configure libapparmor1:amd64 2.10.95-0ubuntu2 <none>
2019-04-06 11:22:04 status unpacked libapparmor1:amd64 2.10.95-0ubuntu2
2019-04-06 11:22:04 status half-configured libapparmor1:amd64 2.10.95-0ubuntu2
2019-04-06 11:22:04 status installed libapparmor1:amd64 2.10.95-0ubuntu2
2019-04-06 11:22:04 configure libdebconfclient0:amd64 0.198ubuntu1 <none>
2019-04-06 11:22:04 status unpacked libdebconfclient0:amd64 0.198ubuntu1
2019-04-06 11:22:04 status half-configured libdebconfclient0:amd64 0.198ubuntu1
2019-04-06 11:22:05 status installed libdebconfclient0:amd64 0.198ubuntu1
2019-04-06 11:22:05 configure diffutils:amd64 1:3.3-3 <none>
2019-04-06 11:22:05 status unpacked diffutils:amd64 1:3.3-3
2019-04-06 11:22:05 status half-configured diffutils:amd64 1:3.3-3
2019-04-06 11:22:05 status installed diffutils:amd64 1:3.3-3
2019-04-06 11:22:05 configure insserv:amd64 1.14.0-5ubuntu3 <none>
2019-04-06 11:22:05 status unpacked insserv:amd64 1.14.0-5ubuntu3
2019-04-06 11:22:05 status unpacked insserv:amd64 1.14.0-5ubuntu3
2019-04-06 11:22:05 status unpacked insserv:amd64 1.14.0-5ubuntu3
2019-04-06 11:22:05 status half-configured insserv:amd64 1.14.0-5ubuntu3
2019-04-06 11:22:05 status installed insserv:amd64 1.14.0-5ubuntu3
2019-04-06 11:22:05 configure libcomerr2:amd64 1.42.13-1ubuntu1 <none>
2019-04-06 11:22:05 status unpacked libcomerr2:amd64 1.42.13-1ubuntu1
2019-04-06 11:22:05 status half-configured libcomerr2:amd64 1.42.13-1ubuntu1
2019-04-06 11:22:05 status installed libcomerr2:amd64 1.42.13-1ubuntu1
2019-04-06 11:22:05 configure libsepol1:amd64 2.4-2 <none>
2019-04-06 11:22:05 status unpacked libsepol1:amd64 2.4-2
2019-04-06 11:22:05 status half-configured libsepol1:amd64 2.4-2
2019-04-06 11:22:05 status installed libsepol1:amd64 2.4-2
2019-04-06 11:22:05 configure libgcc1:amd64 1:6.0.1-0ubuntu1 <none>
2019-04-06 11:22:05 status unpacked libgcc1:amd64 1:6.0.1-0ubuntu1
2019-04-06 11:22:05 status half-configured libgcc1:amd64 1:6.0.1-0ubuntu1
2019-04-06 11:22:05 status installed libgcc1:amd64 1:6.0.1-0ubuntu1
2019-04-06 11:22:05 configure libustr-1.0-1:amd64 1.0.4-5 <none>
2019-04-06 11:22:05 status unpacked libustr-1.0-1:amd64 1.0.4-5
2019-04-06 11:22:05 status half-configured libustr-1.0-1:amd64 1.0.4-5
2019-04-06 11:22:06 status installed libustr-1.0-1:amd64 1.0.4-5
2019-04-06 11:22:06 configure libsmartcols1:amd64 2.27.1-6ubuntu3 <none>
2019-04-06 11:22:06 status unpacked libsmartcols1:amd64 2.27.1-6ubuntu3
2019-04-06 11:22:06 status half-configured libsmartcols1:amd64 2.27.1-6ubuntu3
2019-04-06 11:22:06 status installed libsmartcols1:amd64 2.27.1-6ubuntu3
2019-04-06 11:22:06 configure libaudit1:amd64 1:2.4.5-1ubuntu2 <none>
2019-04-06 11:22:06 status unpacked libaudit1:amd64 1:2.4.5-1ubuntu2
2019-04-06 11:22:06 status half-configured libaudit1:amd64 1:2.4.5-1ubuntu2
2019-04-06 11:22:06 status installed libaudit1:amd64 1:2.4.5-1ubuntu2
2019-04-06 11:22:06 configure libtinfo5:amd64 6.0+20160213-1ubuntu1 <none>
2019-04-06 11:22:06 status unpacked libtinfo5:amd64 6.0+20160213-1ubuntu1
2019-04-06 11:22:06 status half-configured libtinfo5:amd64 6.0+20160213-1ubuntu1
2019-04-06 11:22:06 status installed libtinfo5:amd64 6.0+20160213-1ubuntu1
2019-04-06 11:22:06 configure libudev1:amd64 229-4ubuntu4 <none>
2019-04-06 11:22:06 status unpacked libudev1:amd64 229-4ubuntu4
2019-04-06 11:22:06 status half-configured libudev1:amd64 229-4ubuntu4
2019-04-06 11:22:06 status installed libudev1:amd64 229-4ubuntu4
2019-04-06 11:22:06 configure libss2:amd64 1.42.13-1ubuntu1 <none>
2019-04-06 11:22:06 status unpacked libss2:amd64 1.42.13-1ubuntu1
2019-04-06 11:22:06 status half-configured libss2:amd64 1.42.13-1ubuntu1
2019-04-06 11:22:06 status installed libss2:amd64 1.42.13-1ubuntu1
2019-04-06 11:22:07 configure base-passwd:amd64 3.5.39 <none>
2019-04-06 11:22:07 status unpacked base-passwd:amd64 3.5.39
2019-04-06 11:22:07 status half-configured base-passwd:amd64 3.5.39
2019-04-06 11:22:07 status installed base-passwd:amd64 3.5.39
2019-04-06 11:22:07 configure e2fslibs:amd64 1.42.13-1ubuntu1 <none>
2019-04-06 11:22:07 status unpacked e2fslibs:amd64 1.42.13-1ubuntu1
2019-04-06 11:22:07 status half-configured e2fslibs:amd64 1.42.13-1ubuntu1
2019-04-06 11:22:07 status installed e2fslibs:amd64 1.42.13-1ubuntu1
2019-04-06 11:22:07 configure debianutils:amd64 4.7 <none>
2019-04-06 11:22:07 status unpacked debianutils:amd64 4.7
2019-04-06 11:22:07 status half-configured debianutils:amd64 4.7
2019-04-06 11:22:07 status installed debianutils:amd64 4.7
2019-04-06 11:22:07 configure libgcrypt20:amd64 1.6.5-2 <none>
2019-04-06 11:22:07 status unpacked libgcrypt20:amd64 1.6.5-2
2019-04-06 11:22:07 status half-configured libgcrypt20:amd64 1.6.5-2
2019-04-06 11:22:07 status installed libgcrypt20:amd64 1.6.5-2
2019-04-06 11:22:07 configure libncursesw5:amd64 6.0+20160213-1ubuntu1 <none>
2019-04-06 11:22:07 status unpacked libncursesw5:amd64 6.0+20160213-1ubuntu1
2019-04-06 11:22:07 status half-configured libncursesw5:amd64 6.0+20160213-1ubuntu1
2019-04-06 11:22:07 status installed libncursesw5:amd64 6.0+20160213-1ubuntu1
2019-04-06 11:22:07 configure libdb5.3:amd64 5.3.28-11 <none>
2019-04-06 11:22:07 status unpacked libdb5.3:amd64 5.3.28-11
2019-04-06 11:22:08 status half-configured libdb5.3:amd64 5.3.28-11
2019-04-06 11:22:08 status installed libdb5.3:amd64 5.3.28-11
2019-04-06 11:22:08 configure zlib1g:amd64 1:1.2.8.dfsg-2ubuntu4 <none>
2019-04-06 11:22:08 status unpacked zlib1g:amd64 1:1.2.8.dfsg-2ubuntu4
2019-04-06 11:22:08 status half-configured zlib1g:amd64 1:1.2.8.dfsg-2ubuntu4
2019-04-06 11:22:08 status installed zlib1g:amd64 1:1.2.8.dfsg-2ubuntu4
2019-04-06 11:22:08 configure hostname:amd64 3.16ubuntu2 <none>
2019-04-06 11:22:08 status unpacked hostname:amd64 3.16ubuntu2
2019-04-06 11:22:08 status unpacked hostname:amd64 3.16ubuntu2
2019-04-06 11:22:08 status unpacked hostname:amd64 3.16ubuntu2
2019-04-06 11:22:08 status half-configured hostname:amd64 3.16ubuntu2
2019-04-06 11:22:08 status installed hostname:amd64 3.16ubuntu2
2019-04-06 11:22:08 configure multiarch-support:amd64 2.23-0ubuntu3 <none>
2019-04-06 11:22:08 status unpacked multiarch-support:amd64 2.23-0ubuntu3
2019-04-06 11:22:08 status half-configured multiarch-support:amd64 2.23-0ubuntu3
2019-04-06 11:22:08 status installed multiarch-support:amd64 2.23-0ubuntu3
2019-04-06 11:22:08 configure mawk:amd64 1.3.3-17ubuntu2 <none>
2019-04-06 11:22:08 status unpacked mawk:amd64 1.3.3-17ubuntu2
2019-04-06 11:22:08 status half-configured mawk:amd64 1.3.3-17ubuntu2
2019-04-06 11:22:08 status installed mawk:amd64 1.3.3-17ubuntu2
2019-04-06 11:22:08 configure libcap2:amd64 1:2.24-12 <none>
2019-04-06 11:22:08 status unpacked libcap2:amd64 1:2.24-12
2019-04-06 11:22:09 status half-configured libcap2:amd64 1:2.24-12
2019-04-06 11:22:09 status installed libcap2:amd64 1:2.24-12
2019-04-06 11:22:09 configure libpcre3:amd64 2:8.38-3.1 <none>
2019-04-06 11:22:09 status unpacked libpcre3:amd64 2:8.38-3.1
2019-04-06 11:22:09 status half-configured libpcre3:amd64 2:8.38-3.1
2019-04-06 11:22:11 status installed libpcre3:amd64 2:8.38-3.1
2019-04-06 11:22:11 configure base-files:amd64 9.4ubuntu4 <none>
2019-04-06 11:22:11 status unpacked base-files:amd64 9.4ubuntu4
2019-04-06 11:22:11 status unpacked base-files:amd64 9.4ubuntu4
2019-04-06 11:22:11 status unpacked base-files:amd64 9.4ubuntu4
2019-04-06 11:22:11 status unpacked base-files:amd64 9.4ubuntu4
2019-04-06 11:22:11 status unpacked base-files:amd64 9.4ubuntu4
2019-04-06 11:22:11 status unpacked base-files:amd64 9.4ubuntu4
2019-04-06 11:22:11 status unpacked base-files:amd64 9.4ubuntu4
2019-04-06 11:22:11 status unpacked base-files:amd64 9.4ubuntu4
2019-04-06 11:22:11 status unpacked base-files:amd64 9.4ubuntu4
2019-04-06 11:22:11 status unpacked base-files:amd64 9.4ubuntu4
2019-04-06 11:22:11 status unpacked base-files:amd64 9.4ubuntu4
2019-04-06 11:22:11 status half-configured base-files:amd64 9.4ubuntu4
2019-04-06 11:22:11 status installed base-files:amd64 9.4ubuntu4
2019-04-06 11:22:11 configure libselinux1:amd64 2.4-3build2 <none>
2019-04-06 11:22:11 status unpacked libselinux1:amd64 2.4-3build2
2019-04-06 11:22:11 status half-configured libselinux1:amd64 2.4-3build2
2019-04-06 11:22:12 status installed libselinux1:amd64 2.4-3build2
2019-04-06 11:22:12 configure findutils:amd64 4.6.0+git+20160126-2 <none>
2019-04-06 11:22:12 status unpacked findutils:amd64 4.6.0+git+20160126-2
2019-04-06 11:22:12 status half-configured findutils:amd64 4.6.0+git+20160126-2
2019-04-06 11:22:12 status installed findutils:amd64 4.6.0+git+20160126-2
2019-04-06 11:22:12 configure ncurses-bin:amd64 6.0+20160213-1ubuntu1 <none>
2019-04-06 11:22:12 status unpacked ncurses-bin:amd64 6.0+20160213-1ubuntu1
2019-04-06 11:22:12 status half-configured ncurses-bin:amd64 6.0+20160213-1ubuntu1
2019-04-06 11:22:12 status installed ncurses-bin:amd64 6.0+20160213-1ubuntu1
2019-04-06 11:22:12 configure libncurses5:amd64 6.0+20160213-1ubuntu1 <none>
2019-04-06 11:22:12 status unpacked libncurses5:amd64 6.0+20160213-1ubuntu1
2019-04-06 11:22:12 status half-configured libncurses5:amd64 6.0+20160213-1ubuntu1
2019-04-06 11:22:12 status installed libncurses5:amd64 6.0+20160213-1ubuntu1
2019-04-06 11:22:12 configure makedev:all 2.3.1-93ubuntu1 <none>
2019-04-06 11:22:12 status unpacked makedev:all 2.3.1-93ubuntu1
2019-04-06 11:22:12 status half-configured makedev:all 2.3.1-93ubuntu1
2019-04-06 11:22:14 status installed makedev:all 2.3.1-93ubuntu1
2019-04-06 11:22:14 configure libattr1:amd64 1:2.4.47-2 <none>
2019-04-06 11:22:14 status unpacked libattr1:amd64 1:2.4.47-2
2019-04-06 11:22:14 status half-configured libattr1:amd64 1:2.4.47-2
2019-04-06 11:22:14 status installed libattr1:amd64 1:2.4.47-2
2019-04-06 11:22:15 configure liblzma5:amd64 5.1.1alpha+20120614-2ubuntu2 <none>
2019-04-06 11:22:15 status unpacked liblzma5:amd64 5.1.1alpha+20120614-2ubuntu2
2019-04-06 11:22:15 status half-configured liblzma5:amd64 5.1.1alpha+20120614-2ubuntu2
2019-04-06 11:22:15 status installed liblzma5:amd64 5.1.1alpha+20120614-2ubuntu2
2019-04-06 11:22:15 configure libcap2-bin:amd64 1:2.24-12 <none>
2019-04-06 11:22:15 status unpacked libcap2-bin:amd64 1:2.24-12
2019-04-06 11:22:15 status half-configured libcap2-bin:amd64 1:2.24-12
2019-04-06 11:22:15 status installed libcap2-bin:amd64 1:2.24-12
2019-04-06 11:22:15 configure libsystemd0:amd64 229-4ubuntu4 <none>
2019-04-06 11:22:15 status unpacked libsystemd0:amd64 229-4ubuntu4
2019-04-06 11:22:15 status half-configured libsystemd0:amd64 229-4ubuntu4
2019-04-06 11:22:15 status installed libsystemd0:amd64 229-4ubuntu4
2019-04-06 11:22:15 configure libdevmapper1.02.1:amd64 2:1.02.110-1ubuntu10 <none>
2019-04-06 11:22:15 status unpacked libdevmapper1.02.1:amd64 2:1.02.110-1ubuntu10
2019-04-06 11:22:15 status half-configured libdevmapper1.02.1:amd64 2:1.02.110-1ubuntu10
2019-04-06 11:22:15 status installed libdevmapper1.02.1:amd64 2:1.02.110-1ubuntu10
2019-04-06 11:22:15 configure libsemanage1:amd64 2.3-1build3 <none>
2019-04-06 11:22:15 status unpacked libsemanage1:amd64 2.3-1build3
2019-04-06 11:22:15 status half-configured libsemanage1:amd64 2.3-1build3
2019-04-06 11:22:15 status installed libsemanage1:amd64 2.3-1build3
2019-04-06 11:22:15 configure libacl1:amd64 2.2.52-3 <none>
2019-04-06 11:22:15 status unpacked libacl1:amd64 2.2.52-3
2019-04-06 11:22:15 status half-configured libacl1:amd64 2.2.52-3
2019-04-06 11:22:15 status installed libacl1:amd64 2.2.52-3
2019-04-06 11:22:15 configure libprocps4:amd64 2:3.3.10-4ubuntu2 <none>
2019-04-06 11:22:15 status unpacked libprocps4:amd64 2:3.3.10-4ubuntu2
2019-04-06 11:22:15 status half-configured libprocps4:amd64 2:3.3.10-4ubuntu2
2019-04-06 11:22:15 status installed libprocps4:amd64 2:3.3.10-4ubuntu2
2019-04-06 11:22:15 configure bsdutils:amd64 1:2.27.1-6ubuntu3 <none>
2019-04-06 11:22:15 status unpacked bsdutils:amd64 1:2.27.1-6ubuntu3
2019-04-06 11:22:15 status half-configured bsdutils:amd64 1:2.27.1-6ubuntu3
2019-04-06 11:22:15 status installed bsdutils:amd64 1:2.27.1-6ubuntu3
2019-04-06 11:22:15 configure coreutils:amd64 8.25-2ubuntu2 <none>
2019-04-06 11:22:15 status unpacked coreutils:amd64 8.25-2ubuntu2
2019-04-06 11:22:15 status half-configured coreutils:amd64 8.25-2ubuntu2
2019-04-06 11:22:15 status installed coreutils:amd64 8.25-2ubuntu2
2019-04-06 11:22:15 configure tar:amd64 1.28-2.1 <none>
2019-04-06 11:22:15 status unpacked tar:amd64 1.28-2.1
2019-04-06 11:22:15 status unpacked tar:amd64 1.28-2.1
2019-04-06 11:22:15 status half-configured tar:amd64 1.28-2.1
2019-04-06 11:22:15 status installed tar:amd64 1.28-2.1
2019-04-06 11:22:15 configure dpkg:amd64 1.18.4ubuntu1 <none>
2019-04-06 11:22:15 status unpacked dpkg:amd64 1.18.4ubuntu1
2019-04-06 11:22:15 status unpacked dpkg:amd64 1.18.4ubuntu1
2019-04-06 11:22:15 status unpacked dpkg:amd64 1.18.4ubuntu1
2019-04-06 11:22:15 status unpacked dpkg:amd64 1.18.4ubuntu1
2019-04-06 11:22:15 status unpacked dpkg:amd64 1.18.4ubuntu1
2019-04-06 11:22:15 status half-configured dpkg:amd64 1.18.4ubuntu1
2019-04-06 11:22:15 status installed dpkg:amd64 1.18.4ubuntu1
2019-04-06 11:22:15 configure sed:amd64 4.2.2-7 <none>
2019-04-06 11:22:15 status unpacked sed:amd64 4.2.2-7
2019-04-06 11:22:15 status half-configured sed:amd64 4.2.2-7
2019-04-06 11:22:15 status installed sed:amd64 4.2.2-7
2019-04-06 11:22:15 configure perl-base:amd64 5.22.1-9 <none>
2019-04-06 11:22:15 status unpacked perl-base:amd64 5.22.1-9
2019-04-06 11:22:15 status half-configured perl-base:amd64 5.22.1-9
2019-04-06 11:22:15 status installed perl-base:amd64 5.22.1-9
2019-04-06 11:22:15 configure grep:amd64 2.24-1 <none>
2019-04-06 11:22:15 status unpacked grep:amd64 2.24-1
2019-04-06 11:22:15 status half-configured grep:amd64 2.24-1
2019-04-06 11:22:15 status installed grep:amd64 2.24-1
2019-04-06 11:22:15 configure debconf:all 1.5.58ubuntu1 <none>
2019-04-06 11:22:15 status unpacked debconf:all 1.5.58ubuntu1
2019-04-06 11:22:15 status unpacked debconf:all 1.5.58ubuntu1
2019-04-06 11:22:15 status unpacked debconf:all 1.5.58ubuntu1
2019-04-06 11:22:15 status half-configured debconf:all 1.5.58ubuntu1
2019-04-06 11:22:15 status installed debconf:all 1.5.58ubuntu1
2019-04-06 11:22:15 configure tzdata:all 2016d-0ubuntu0.16.04 <none>
2019-04-06 11:22:15 status unpacked tzdata:all 2016d-0ubuntu0.16.04
2019-04-06 11:22:15 status half-configured tzdata:all 2016d-0ubuntu0.16.04
2019-04-06 11:22:16 status installed tzdata:all 2016d-0ubuntu0.16.04
2019-04-06 11:22:16 configure gzip:amd64 1.6-4ubuntu1 <none>
2019-04-06 11:22:16 status unpacked gzip:amd64 1.6-4ubuntu1
2019-04-06 11:22:16 status half-configured gzip:amd64 1.6-4ubuntu1
2019-04-06 11:22:16 status installed gzip:amd64 1.6-4ubuntu1
2019-04-06 11:22:16 configure dash:amd64 0.5.8-2.1ubuntu2 <none>
2019-04-06 11:22:16 status unpacked dash:amd64 0.5.8-2.1ubuntu2
2019-04-06 11:22:16 status half-configured dash:amd64 0.5.8-2.1ubuntu2
2019-04-06 11:22:16 status installed dash:amd64 0.5.8-2.1ubuntu2
2019-04-06 11:22:16 configure init-system-helpers:all 1.29ubuntu1 <none>
2019-04-06 11:22:16 status unpacked init-system-helpers:all 1.29ubuntu1
2019-04-06 11:22:16 status half-configured init-system-helpers:all 1.29ubuntu1
2019-04-06 11:22:16 status installed init-system-helpers:all 1.29ubuntu1
2019-04-06 11:22:16 configure sysvinit-utils:amd64 2.88dsf-59.3ubuntu2 <none>
2019-04-06 11:22:16 status unpacked sysvinit-utils:amd64 2.88dsf-59.3ubuntu2
2019-04-06 11:22:16 status half-configured sysvinit-utils:amd64 2.88dsf-59.3ubuntu2
2019-04-06 11:22:16 status installed sysvinit-utils:amd64 2.88dsf-59.3ubuntu2
2019-04-06 11:22:16 configure sysv-rc:all 2.88dsf-59.3ubuntu2 <none>
2019-04-06 11:22:16 status unpacked sysv-rc:all 2.88dsf-59.3ubuntu2
2019-04-06 11:22:16 status half-configured sysv-rc:all 2.88dsf-59.3ubuntu2
2019-04-06 11:22:16 status installed sysv-rc:all 2.88dsf-59.3ubuntu2
2019-04-06 11:22:16 configure libpam0g:amd64 1.1.8-3.2ubuntu2 <none>
2019-04-06 11:22:16 status unpacked libpam0g:amd64 1.1.8-3.2ubuntu2
2019-04-06 11:22:16 status half-configured libpam0g:amd64 1.1.8-3.2ubuntu2
2019-04-06 11:22:16 status installed libpam0g:amd64 1.1.8-3.2ubuntu2
2019-04-06 11:22:16 configure locales:all 2.23-0ubuntu3 <none>
2019-04-06 11:22:16 status unpacked locales:all 2.23-0ubuntu3
2019-04-06 11:22:16 status unpacked locales:all 2.23-0ubuntu3
2019-04-06 11:22:16 status half-configured locales:all 2.23-0ubuntu3
2019-04-06 11:22:17 status installed locales:all 2.23-0ubuntu3
2019-04-06 11:22:17 configure libpam-modules-bin:amd64 1.1.8-3.2ubuntu2 <none>
2019-04-06 11:22:17 status unpacked libpam-modules-bin:amd64 1.1.8-3.2ubuntu2
2019-04-06 11:22:17 status half-configured libpam-modules-bin:amd64 1.1.8-3.2ubuntu2
2019-04-06 11:22:17 status installed libpam-modules-bin:amd64 1.1.8-3.2ubuntu2
2019-04-06 11:22:17 configure bash:amd64 4.3-14ubuntu1 <none>
2019-04-06 11:22:17 status unpacked bash:amd64 4.3-14ubuntu1
2019-04-06 11:22:17 status unpacked bash:amd64 4.3-14ubuntu1
2019-04-06 11:22:17 status unpacked bash:amd64 4.3-14ubuntu1
2019-04-06 11:22:17 status unpacked bash:amd64 4.3-14ubuntu1
2019-04-06 11:22:17 status unpacked bash:amd64 4.3-14ubuntu1
2019-04-06 11:22:17 status half-configured bash:amd64 4.3-14ubuntu1
2019-04-06 11:22:17 status installed bash:amd64 4.3-14ubuntu1
2019-04-06 11:22:17 configure libpam-modules:amd64 1.1.8-3.2ubuntu2 <none>
2019-04-06 11:22:17 status unpacked libpam-modules:amd64 1.1.8-3.2ubuntu2
2019-04-06 11:22:17 status unpacked libpam-modules:amd64 1.1.8-3.2ubuntu2
2019-04-06 11:22:17 status unpacked libpam-modules:amd64 1.1.8-3.2ubuntu2
2019-04-06 11:22:17 status unpacked libpam-modules:amd64 1.1.8-3.2ubuntu2
2019-04-06 11:22:18 status unpacked libpam-modules:amd64 1.1.8-3.2ubuntu2
2019-04-06 11:22:18 status unpacked libpam-modules:amd64 1.1.8-3.2ubuntu2
2019-04-06 11:22:18 status unpacked libpam-modules:amd64 1.1.8-3.2ubuntu2
2019-04-06 11:22:18 status unpacked libpam-modules:amd64 1.1.8-3.2ubuntu2
2019-04-06 11:22:18 status unpacked libpam-modules:amd64 1.1.8-3.2ubuntu2
2019-04-06 11:22:18 status half-configured libpam-modules:amd64 1.1.8-3.2ubuntu2
2019-04-06 11:22:18 status installed libpam-modules:amd64 1.1.8-3.2ubuntu2
2019-04-06 11:22:18 configure libpam-runtime:all 1.1.8-3.2ubuntu2 <none>
2019-04-06 11:22:18 status unpacked libpam-runtime:all 1.1.8-3.2ubuntu2
2019-04-06 11:22:18 status unpacked libpam-runtime:all 1.1.8-3.2ubuntu2
2019-04-06 11:22:18 status unpacked libpam-runtime:all 1.1.8-3.2ubuntu2
2019-04-06 11:22:18 status half-configured libpam-runtime:all 1.1.8-3.2ubuntu2
2019-04-06 11:22:18 status installed libpam-runtime:all 1.1.8-3.2ubuntu2
2019-04-06 11:22:18 configure passwd:amd64 1:4.2-3.1ubuntu5 <none>
2019-04-06 11:22:18 status unpacked passwd:amd64 1:4.2-3.1ubuntu5
2019-04-06 11:22:19 status unpacked passwd:amd64 1:4.2-3.1ubuntu5
2019-04-06 11:22:19 status unpacked passwd:amd64 1:4.2-3.1ubuntu5
2019-04-06 11:22:19 status unpacked passwd:amd64 1:4.2-3.1ubuntu5
2019-04-06 11:22:19 status unpacked passwd:amd64 1:4.2-3.1ubuntu5
2019-04-06 11:22:19 status unpacked passwd:amd64 1:4.2-3.1ubuntu5
2019-04-06 11:22:19 status unpacked passwd:amd64 1:4.2-3.1ubuntu5
2019-04-06 11:22:19 status unpacked passwd:amd64 1:4.2-3.1ubuntu5
2019-04-06 11:22:19 status unpacked passwd:amd64 1:4.2-3.1ubuntu5
2019-04-06 11:22:19 status half-configured passwd:amd64 1:4.2-3.1ubuntu5
2019-04-06 11:22:19 status installed passwd:amd64 1:4.2-3.1ubuntu5
2019-04-06 11:22:19 configure login:amd64 1:4.2-3.1ubuntu5 <none>
2019-04-06 11:22:19 status unpacked login:amd64 1:4.2-3.1ubuntu5
2019-04-06 11:22:19 status unpacked login:amd64 1:4.2-3.1ubuntu5
2019-04-06 11:22:19 status unpacked login:amd64 1:4.2-3.1ubuntu5
2019-04-06 11:22:19 status unpacked login:amd64 1:4.2-3.1ubuntu5
2019-04-06 11:22:20 status unpacked login:amd64 1:4.2-3.1ubuntu5
2019-04-06 11:22:20 status half-configured login:amd64 1:4.2-3.1ubuntu5
2019-04-06 11:22:20 status installed login:amd64 1:4.2-3.1ubuntu5
2019-04-06 11:22:20 configure adduser:all 3.113+nmu3ubuntu4 <none>
2019-04-06 11:22:20 status unpacked adduser:all 3.113+nmu3ubuntu4
2019-04-06 11:22:20 status unpacked adduser:all 3.113+nmu3ubuntu4
2019-04-06 11:22:20 status half-configured adduser:all 3.113+nmu3ubuntu4
2019-04-06 11:22:20 status installed adduser:all 3.113+nmu3ubuntu4
2019-04-06 11:22:20 configure libuuid1:amd64 2.27.1-6ubuntu3 <none>
2019-04-06 11:22:20 status unpacked libuuid1:amd64 2.27.1-6ubuntu3
2019-04-06 11:22:20 status half-configured libuuid1:amd64 2.27.1-6ubuntu3
2019-04-06 11:22:20 status installed libuuid1:amd64 2.27.1-6ubuntu3
2019-04-06 11:22:20 configure libblkid1:amd64 2.27.1-6ubuntu3 <none>
2019-04-06 11:22:20 status unpacked libblkid1:amd64 2.27.1-6ubuntu3
2019-04-06 11:22:20 status half-configured libblkid1:amd64 2.27.1-6ubuntu3
2019-04-06 11:22:20 status installed libblkid1:amd64 2.27.1-6ubuntu3
2019-04-06 11:22:20 configure libmount1:amd64 2.27.1-6ubuntu3 <none>
2019-04-06 11:22:20 status unpacked libmount1:amd64 2.27.1-6ubuntu3
2019-04-06 11:22:20 status half-configured libmount1:amd64 2.27.1-6ubuntu3
2019-04-06 11:22:20 status installed libmount1:amd64 2.27.1-6ubuntu3
2019-04-06 11:22:21 configure libcryptsetup4:amd64 2:1.6.6-5ubuntu2 <none>
2019-04-06 11:22:21 status unpacked libcryptsetup4:amd64 2:1.6.6-5ubuntu2
2019-04-06 11:22:21 status half-configured libcryptsetup4:amd64 2:1.6.6-5ubuntu2
2019-04-06 11:22:21 status installed libcryptsetup4:amd64 2:1.6.6-5ubuntu2
2019-04-06 11:22:21 configure mount:amd64 2.27.1-6ubuntu3 <none>
2019-04-06 11:22:21 status unpacked mount:amd64 2.27.1-6ubuntu3
2019-04-06 11:22:21 status half-configured mount:amd64 2.27.1-6ubuntu3
2019-04-06 11:22:21 status installed mount:amd64 2.27.1-6ubuntu3
2019-04-06 11:22:21 configure libfdisk1:amd64 2.27.1-6ubuntu3 <none>
2019-04-06 11:22:21 status unpacked libfdisk1:amd64 2.27.1-6ubuntu3
2019-04-06 11:22:21 status half-configured libfdisk1:amd64 2.27.1-6ubuntu3
2019-04-06 11:22:21 status installed libfdisk1:amd64 2.27.1-6ubuntu3
2019-04-06 11:22:21 configure initscripts:amd64 2.88dsf-59.3ubuntu2 <none>
2019-04-06 11:22:21 status unpacked initscripts:amd64 2.88dsf-59.3ubuntu2
2019-04-06 11:22:21 status unpacked initscripts:amd64 2.88dsf-59.3ubuntu2
2019-04-06 11:22:21 status unpacked initscripts:amd64 2.88dsf-59.3ubuntu2
2019-04-06 11:22:21 status unpacked initscripts:amd64 2.88dsf-59.3ubuntu2
2019-04-06 11:22:21 status unpacked initscripts:amd64 2.88dsf-59.3ubuntu2
2019-04-06 11:22:21 status unpacked initscripts:amd64 2.88dsf-59.3ubuntu2
2019-04-06 11:22:21 status unpacked initscripts:amd64 2.88dsf-59.3ubuntu2
2019-04-06 11:22:22 status unpacked initscripts:amd64 2.88dsf-59.3ubuntu2
2019-04-06 11:22:22 status unpacked initscripts:amd64 2.88dsf-59.3ubuntu2
2019-04-06 11:22:22 status unpacked initscripts:amd64 2.88dsf-59.3ubuntu2
2019-04-06 11:22:22 status unpacked initscripts:amd64 2.88dsf-59.3ubuntu2
2019-04-06 11:22:22 status unpacked initscripts:amd64 2.88dsf-59.3ubuntu2
2019-04-06 11:22:22 status unpacked initscripts:amd64 2.88dsf-59.3ubuntu2
2019-04-06 11:22:22 status unpacked initscripts:amd64 2.88dsf-59.3ubuntu2
2019-04-06 11:22:22 status unpacked initscripts:amd64 2.88dsf-59.3ubuntu2
2019-04-06 11:22:22 status unpacked initscripts:amd64 2.88dsf-59.3ubuntu2
2019-04-06 11:22:22 status unpacked initscripts:amd64 2.88dsf-59.3ubuntu2
2019-04-06 11:22:22 status unpacked initscripts:amd64 2.88dsf-59.3ubuntu2
2019-04-06 11:22:22 status unpacked initscripts:amd64 2.88dsf-59.3ubuntu2
2019-04-06 11:22:22 status unpacked initscripts:amd64 2.88dsf-59.3ubuntu2
2019-04-06 11:22:22 status unpacked initscripts:amd64 2.88dsf-59.3ubuntu2
2019-04-06 11:22:22 status unpacked initscripts:amd64 2.88dsf-59.3ubuntu2
2019-04-06 11:22:22 status unpacked initscripts:amd64 2.88dsf-59.3ubuntu2
2019-04-06 11:22:22 status unpacked initscripts:amd64 2.88dsf-59.3ubuntu2
2019-04-06 11:22:22 status unpacked initscripts:amd64 2.88dsf-59.3ubuntu2
2019-04-06 11:22:22 status unpacked initscripts:amd64 2.88dsf-59.3ubuntu2
2019-04-06 11:22:22 status half-configured initscripts:amd64 2.88dsf-59.3ubuntu2
2019-04-06 11:22:23 status installed initscripts:amd64 2.88dsf-59.3ubuntu2
2019-04-06 11:22:23 configure util-linux:amd64 2.27.1-6ubuntu3 <none>
2019-04-06 11:22:23 status unpacked util-linux:amd64 2.27.1-6ubuntu3
2019-04-06 11:22:23 status unpacked util-linux:amd64 2.27.1-6ubuntu3
2019-04-06 11:22:23 status unpacked util-linux:amd64 2.27.1-6ubuntu3
2019-04-06 11:22:23 status unpacked util-linux:amd64 2.27.1-6ubuntu3
2019-04-06 11:22:23 status unpacked util-linux:amd64 2.27.1-6ubuntu3
2019-04-06 11:22:23 status unpacked util-linux:amd64 2.27.1-6ubuntu3
2019-04-06 11:22:23 status unpacked util-linux:amd64 2.27.1-6ubuntu3
2019-04-06 11:22:23 status unpacked util-linux:amd64 2.27.1-6ubuntu3
2019-04-06 11:22:23 status half-configured util-linux:amd64 2.27.1-6ubuntu3
2019-04-06 11:22:24 status installed util-linux:amd64 2.27.1-6ubuntu3
2019-04-06 11:22:24 configure e2fsprogs:amd64 1.42.13-1ubuntu1 <none>
2019-04-06 11:22:24 status unpacked e2fsprogs:amd64 1.42.13-1ubuntu1
2019-04-06 11:22:24 status unpacked e2fsprogs:amd64 1.42.13-1ubuntu1
2019-04-06 11:22:24 status half-configured e2fsprogs:amd64 1.42.13-1ubuntu1
2019-04-06 11:22:24 status installed e2fsprogs:amd64 1.42.13-1ubuntu1
2019-04-06 11:22:24 configure procps:amd64 2:3.3.10-4ubuntu2 <none>
2019-04-06 11:22:24 status unpacked procps:amd64 2:3.3.10-4ubuntu2
2019-04-06 11:22:24 status unpacked procps:amd64 2:3.3.10-4ubuntu2
2019-04-06 11:22:24 status unpacked procps:amd64 2:3.3.10-4ubuntu2
2019-04-06 11:22:24 status unpacked procps:amd64 2:3.3.10-4ubuntu2
2019-04-06 11:22:24 status unpacked procps:amd64 2:3.3.10-4ubuntu2
2019-04-06 11:22:24 status unpacked procps:amd64 2:3.3.10-4ubuntu2
2019-04-06 11:22:24 status unpacked procps:amd64 2:3.3.10-4ubuntu2
2019-04-06 11:22:24 status unpacked procps:amd64 2:3.3.10-4ubuntu2
2019-04-06 11:22:24 status unpacked procps:amd64 2:3.3.10-4ubuntu2
2019-04-06 11:22:24 status unpacked procps:amd64 2:3.3.10-4ubuntu2
2019-04-06 11:22:24 status unpacked procps:amd64 2:3.3.10-4ubuntu2
2019-04-06 11:22:24 status unpacked procps:amd64 2:3.3.10-4ubuntu2
2019-04-06 11:22:24 status unpacked procps:amd64 2:3.3.10-4ubuntu2
2019-04-06 11:22:24 status unpacked procps:amd64 2:3.3.10-4ubuntu2
2019-04-06 11:22:24 status half-configured procps:amd64 2:3.3.10-4ubuntu2
2019-04-06 11:22:24 status installed procps:amd64 2:3.3.10-4ubuntu2
2019-04-06 11:22:24 configure systemd:amd64 229-4ubuntu4 <none>
2019-04-06 11:22:24 status unpacked systemd:amd64 229-4ubuntu4
2019-04-06 11:22:24 status unpacked systemd:amd64 229-4ubuntu4
2019-04-06 11:22:25 status unpacked systemd:amd64 229-4ubuntu4
2019-04-06 11:22:25 status unpacked systemd:amd64 229-4ubuntu4
2019-04-06 11:22:25 status unpacked systemd:amd64 229-4ubuntu4
2019-04-06 11:22:25 status unpacked systemd:amd64 229-4ubuntu4
2019-04-06 11:22:25 status unpacked systemd:amd64 229-4ubuntu4
2019-04-06 11:22:25 status unpacked systemd:amd64 229-4ubuntu4
2019-04-06 11:22:25 status unpacked systemd:amd64 229-4ubuntu4
2019-04-06 11:22:25 status unpacked systemd:amd64 229-4ubuntu4
2019-04-06 11:22:25 status unpacked systemd:amd64 229-4ubuntu4
2019-04-06 11:22:25 status unpacked systemd:amd64 229-4ubuntu4
2019-04-06 11:22:25 status unpacked systemd:amd64 229-4ubuntu4
2019-04-06 11:22:25 status unpacked systemd:amd64 229-4ubuntu4
2019-04-06 11:22:25 status unpacked systemd:amd64 229-4ubuntu4
2019-04-06 11:22:25 status unpacked systemd:amd64 229-4ubuntu4
2019-04-06 11:22:25 status half-configured systemd:amd64 229-4ubuntu4
2019-04-06 11:22:26 status installed systemd:amd64 229-4ubuntu4
2019-04-06 11:22:26 configure systemd-sysv:amd64 229-4ubuntu4 <none>
2019-04-06 11:22:26 status unpacked systemd-sysv:amd64 229-4ubuntu4
2019-04-06 11:22:26 status half-configured systemd-sysv:amd64 229-4ubuntu4
2019-04-06 11:22:26 status installed systemd-sysv:amd64 229-4ubuntu4
2019-04-06 11:22:26 configure init:amd64 1.29ubuntu1 <none>
2019-04-06 11:22:26 status unpacked init:amd64 1.29ubuntu1
2019-04-06 11:22:26 status half-configured init:amd64 1.29ubuntu1
2019-04-06 11:22:26 status installed init:amd64 1.29ubuntu1
2019-04-06 11:22:26 trigproc libc-bin:amd64 2.23-0ubuntu3 <none>
2019-04-06 11:22:26 status half-configured libc-bin:amd64 2.23-0ubuntu3
2019-04-06 11:22:26 status installed libc-bin:amd64 2.23-0ubuntu3
2019-04-06 11:22:26 startup archives unpack
2019-04-06 11:22:27 install apt:amd64 <none> 1.2.10ubuntu1
2019-04-06 11:22:27 status triggers-pending libc-bin:amd64 2.23-0ubuntu3
2019-04-06 11:22:27 status half-installed apt:amd64 1.2.10ubuntu1
2019-04-06 11:22:27 status unpacked apt:amd64 1.2.10ubuntu1
2019-04-06 11:22:27 status unpacked apt:amd64 1.2.10ubuntu1
2019-04-06 11:22:27 install gcc-5-base:amd64 <none> 5.3.1-14ubuntu2
2019-04-06 11:22:27 status half-installed gcc-5-base:amd64 5.3.1-14ubuntu2
2019-04-06 11:22:27 status unpacked gcc-5-base:amd64 5.3.1-14ubuntu2
2019-04-06 11:22:27 status unpacked gcc-5-base:amd64 5.3.1-14ubuntu2
2019-04-06 11:22:27 install gnupg:amd64 <none> 1.4.20-1ubuntu3
2019-04-06 11:22:27 status half-installed gnupg:amd64 1.4.20-1ubuntu3
2019-04-06 11:22:27 status unpacked gnupg:amd64 1.4.20-1ubuntu3
2019-04-06 11:22:27 status unpacked gnupg:amd64 1.4.20-1ubuntu3
2019-04-06 11:22:27 install gpgv:amd64 <none> 1.4.20-1ubuntu3
2019-04-06 11:22:27 status half-installed gpgv:amd64 1.4.20-1ubuntu3
2019-04-06 11:22:27 status unpacked gpgv:amd64 1.4.20-1ubuntu3
2019-04-06 11:22:27 status unpacked gpgv:amd64 1.4.20-1ubuntu3
2019-04-06 11:22:27 install libapt-pkg5.0:amd64 <none> 1.2.10ubuntu1
2019-04-06 11:22:27 status half-installed libapt-pkg5.0:amd64 1.2.10ubuntu1
2019-04-06 11:22:27 status unpacked libapt-pkg5.0:amd64 1.2.10ubuntu1
2019-04-06 11:22:27 status unpacked libapt-pkg5.0:amd64 1.2.10ubuntu1
2019-04-06 11:22:27 install liblz4-1:amd64 <none> 0.0~r131-2ubuntu2
2019-04-06 11:22:27 status half-installed liblz4-1:amd64 0.0~r131-2ubuntu2
2019-04-06 11:22:28 status unpacked liblz4-1:amd64 0.0~r131-2ubuntu2
2019-04-06 11:22:28 status unpacked liblz4-1:amd64 0.0~r131-2ubuntu2
2019-04-06 11:22:28 install libreadline6:amd64 <none> 6.3-8ubuntu2
2019-04-06 11:22:28 status half-installed libreadline6:amd64 6.3-8ubuntu2
2019-04-06 11:22:28 status unpacked libreadline6:amd64 6.3-8ubuntu2
2019-04-06 11:22:28 status unpacked libreadline6:amd64 6.3-8ubuntu2
2019-04-06 11:22:28 install libstdc++6:amd64 <none> 5.3.1-14ubuntu2
2019-04-06 11:22:28 status half-installed libstdc++6:amd64 5.3.1-14ubuntu2
2019-04-06 11:22:29 status unpacked libstdc++6:amd64 5.3.1-14ubuntu2
2019-04-06 11:22:29 status unpacked libstdc++6:amd64 5.3.1-14ubuntu2
2019-04-06 11:22:29 install libusb-0.1-4:amd64 <none> 2:0.1.12-28
2019-04-06 11:22:29 status half-installed libusb-0.1-4:amd64 2:0.1.12-28
2019-04-06 11:22:29 status unpacked libusb-0.1-4:amd64 2:0.1.12-28
2019-04-06 11:22:29 status unpacked libusb-0.1-4:amd64 2:0.1.12-28
2019-04-06 11:22:29 install readline-common:all <none> 6.3-8ubuntu2
2019-04-06 11:22:29 status half-installed readline-common:all 6.3-8ubuntu2
2019-04-06 11:22:30 status unpacked readline-common:all 6.3-8ubuntu2
2019-04-06 11:22:30 status unpacked readline-common:all 6.3-8ubuntu2
2019-04-06 11:22:30 install ubuntu-keyring:all <none> 2012.05.19
2019-04-06 11:22:30 status half-installed ubuntu-keyring:all 2012.05.19
2019-04-06 11:22:30 status unpacked ubuntu-keyring:all 2012.05.19
2019-04-06 11:22:30 status unpacked ubuntu-keyring:all 2012.05.19
2019-04-06 11:22:30 trigproc libc-bin:amd64 2.23-0ubuntu3 <none>
2019-04-06 11:22:30 status half-configured libc-bin:amd64 2.23-0ubuntu3
2019-04-06 11:22:30 status installed libc-bin:amd64 2.23-0ubuntu3
2019-04-06 11:22:31 startup packages configure
2019-04-06 11:22:31 configure readline-common:all 6.3-8ubuntu2 <none>
2019-04-06 11:22:31 status unpacked readline-common:all 6.3-8ubuntu2
2019-04-06 11:22:31 status half-configured readline-common:all 6.3-8ubuntu2
2019-04-06 11:22:31 status installed readline-common:all 6.3-8ubuntu2
2019-04-06 11:22:31 configure liblz4-1:amd64 0.0~r131-2ubuntu2 <none>
2019-04-06 11:22:31 status triggers-pending libc-bin:amd64 2.23-0ubuntu3
2019-04-06 11:22:31 status unpacked liblz4-1:amd64 0.0~r131-2ubuntu2
2019-04-06 11:22:31 status half-configured liblz4-1:amd64 0.0~r131-2ubuntu2
2019-04-06 11:22:31 status installed liblz4-1:amd64 0.0~r131-2ubuntu2
2019-04-06 11:22:31 configure gpgv:amd64 1.4.20-1ubuntu3 <none>
2019-04-06 11:22:31 status unpacked gpgv:amd64 1.4.20-1ubuntu3
2019-04-06 11:22:31 status half-configured gpgv:amd64 1.4.20-1ubuntu3
2019-04-06 11:22:31 status installed gpgv:amd64 1.4.20-1ubuntu3
2019-04-06 11:22:31 configure libusb-0.1-4:amd64 2:0.1.12-28 <none>
2019-04-06 11:22:31 status unpacked libusb-0.1-4:amd64 2:0.1.12-28
2019-04-06 11:22:31 status half-configured libusb-0.1-4:amd64 2:0.1.12-28
2019-04-06 11:22:31 status installed libusb-0.1-4:amd64 2:0.1.12-28
2019-04-06 11:22:31 configure ubuntu-keyring:all 2012.05.19 <none>
2019-04-06 11:22:31 status unpacked ubuntu-keyring:all 2012.05.19
2019-04-06 11:22:31 status half-configured ubuntu-keyring:all 2012.05.19
2019-04-06 11:22:31 status installed ubuntu-keyring:all 2012.05.19
2019-04-06 11:22:32 configure libreadline6:amd64 6.3-8ubuntu2 <none>
2019-04-06 11:22:32 status unpacked libreadline6:amd64 6.3-8ubuntu2
2019-04-06 11:22:32 status half-configured libreadline6:amd64 6.3-8ubuntu2
2019-04-06 11:22:32 status installed libreadline6:amd64 6.3-8ubuntu2
2019-04-06 11:22:32 configure gcc-5-base:amd64 5.3.1-14ubuntu2 <none>
2019-04-06 11:22:32 status unpacked gcc-5-base:amd64 5.3.1-14ubuntu2
2019-04-06 11:22:32 status half-configured gcc-5-base:amd64 5.3.1-14ubuntu2
2019-04-06 11:22:32 status installed gcc-5-base:amd64 5.3.1-14ubuntu2
2019-04-06 11:22:32 configure gnupg:amd64 1.4.20-1ubuntu3 <none>
2019-04-06 11:22:32 status unpacked gnupg:amd64 1.4.20-1ubuntu3
2019-04-06 11:22:32 status half-configured gnupg:amd64 1.4.20-1ubuntu3
2019-04-06 11:22:32 status installed gnupg:amd64 1.4.20-1ubuntu3
2019-04-06 11:22:32 configure libstdc++6:amd64 5.3.1-14ubuntu2 <none>
2019-04-06 11:22:32 status unpacked libstdc++6:amd64 5.3.1-14ubuntu2
2019-04-06 11:22:32 status half-configured libstdc++6:amd64 5.3.1-14ubuntu2
2019-04-06 11:22:32 status installed libstdc++6:amd64 5.3.1-14ubuntu2
2019-04-06 11:22:32 configure libapt-pkg5.0:amd64 1.2.10ubuntu1 <none>
2019-04-06 11:22:32 status unpacked libapt-pkg5.0:amd64 1.2.10ubuntu1
2019-04-06 11:22:32 status half-configured libapt-pkg5.0:amd64 1.2.10ubuntu1
2019-04-06 11:22:32 status installed libapt-pkg5.0:amd64 1.2.10ubuntu1
2019-04-06 11:22:32 configure apt:amd64 1.2.10ubuntu1 <none>
2019-04-06 11:22:32 status unpacked apt:amd64 1.2.10ubuntu1
2019-04-06 11:22:32 status unpacked apt:amd64 1.2.10ubuntu1
2019-04-06 11:22:32 status unpacked apt:amd64 1.2.10ubuntu1
2019-04-06 11:22:32 status unpacked apt:amd64 1.2.10ubuntu1
2019-04-06 11:22:33 status unpacked apt:amd64 1.2.10ubuntu1
2019-04-06 11:22:33 status unpacked apt:amd64 1.2.10ubuntu1
2019-04-06 11:22:33 status half-configured apt:amd64 1.2.10ubuntu1
2019-04-06 11:22:33 status installed apt:amd64 1.2.10ubuntu1
2019-04-06 11:22:33 trigproc libc-bin:amd64 2.23-0ubuntu3 <none>
2019-04-06 11:22:33 status half-configured libc-bin:amd64 2.23-0ubuntu3
2019-04-06 11:22:33 status installed libc-bin:amd64 2.23-0ubuntu3
2019-04-06 13:22:35 startup archives unpack
2019-04-06 13:22:35 install libexpat1:amd64 <none> 2.1.0-7
2019-04-06 13:22:35 status half-installed libexpat1:amd64 2.1.0-7
2019-04-06 13:22:35 status unpacked libexpat1:amd64 2.1.0-7
2019-04-06 13:22:35 status unpacked libexpat1:amd64 2.1.0-7
2019-04-06 13:22:35 install libcap-ng0:amd64 <none> 0.7.7-1
2019-04-06 13:22:35 status triggers-pending libc-bin:amd64 2.23-0ubuntu3
2019-04-06 13:22:35 status half-installed libcap-ng0:amd64 0.7.7-1
2019-04-06 13:22:35 status unpacked libcap-ng0:amd64 0.7.7-1
2019-04-06 13:22:35 status unpacked libcap-ng0:amd64 0.7.7-1
2019-04-06 13:22:35 install libdbus-1-3:amd64 <none> 1.10.6-1ubuntu3
2019-04-06 13:22:35 status half-installed libdbus-1-3:amd64 1.10.6-1ubuntu3
2019-04-06 13:22:35 status unpacked libdbus-1-3:amd64 1.10.6-1ubuntu3
2019-04-06 13:22:35 status unpacked libdbus-1-3:amd64 1.10.6-1ubuntu3
2019-04-06 13:22:35 install dbus:amd64 <none> 1.10.6-1ubuntu3
2019-04-06 13:22:35 status half-installed dbus:amd64 1.10.6-1ubuntu3
2019-04-06 13:22:35 status triggers-pending systemd:amd64 229-4ubuntu4
2019-04-06 13:22:35 status unpacked dbus:amd64 1.10.6-1ubuntu3
2019-04-06 13:22:35 status unpacked dbus:amd64 1.10.6-1ubuntu3
2019-04-06 13:22:35 install libpam-systemd:amd64 <none> 229-4ubuntu4
2019-04-06 13:22:35 status half-installed libpam-systemd:amd64 229-4ubuntu4
2019-04-06 13:22:36 status unpacked libpam-systemd:amd64 229-4ubuntu4
2019-04-06 13:22:36 status unpacked libpam-systemd:amd64 229-4ubuntu4
2019-04-06 13:22:36 trigproc libc-bin:amd64 2.23-0ubuntu3 <none>
2019-04-06 13:22:36 status half-configured libc-bin:amd64 2.23-0ubuntu3
2019-04-06 13:22:36 status installed libc-bin:amd64 2.23-0ubuntu3
2019-04-06 13:22:36 trigproc systemd:amd64 229-4ubuntu4 <none>
2019-04-06 13:22:36 status half-configured systemd:amd64 229-4ubuntu4
2019-04-06 13:22:36 status installed systemd:amd64 229-4ubuntu4
2019-04-06 13:22:36 startup packages configure
2019-04-06 13:22:36 configure libexpat1:amd64 2.1.0-7 <none>
2019-04-06 13:22:36 status unpacked libexpat1:amd64 2.1.0-7
2019-04-06 13:22:36 status half-configured libexpat1:amd64 2.1.0-7
2019-04-06 13:22:36 status installed libexpat1:amd64 2.1.0-7
2019-04-06 13:22:36 status triggers-pending libc-bin:amd64 2.23-0ubuntu3
2019-04-06 13:22:36 configure libcap-ng0:amd64 0.7.7-1 <none>
2019-04-06 13:22:36 status unpacked libcap-ng0:amd64 0.7.7-1
2019-04-06 13:22:36 status half-configured libcap-ng0:amd64 0.7.7-1
2019-04-06 13:22:36 status installed libcap-ng0:amd64 0.7.7-1
2019-04-06 13:22:36 configure libdbus-1-3:amd64 1.10.6-1ubuntu3 <none>
2019-04-06 13:22:36 status unpacked libdbus-1-3:amd64 1.10.6-1ubuntu3
2019-04-06 13:22:36 status half-configured libdbus-1-3:amd64 1.10.6-1ubuntu3
2019-04-06 13:22:36 status installed libdbus-1-3:amd64 1.10.6-1ubuntu3
2019-04-06 13:22:36 configure dbus:amd64 1.10.6-1ubuntu3 <none>
2019-04-06 13:22:36 status unpacked dbus:amd64 1.10.6-1ubuntu3
2019-04-06 13:22:36 status unpacked dbus:amd64 1.10.6-1ubuntu3
2019-04-06 13:22:36 status triggers-pending systemd:amd64 229-4ubuntu4
2019-04-06 13:22:36 status unpacked dbus:amd64 1.10.6-1ubuntu3
2019-04-06 13:22:36 status unpacked dbus:amd64 1.10.6-1ubuntu3
2019-04-06 13:22:36 status half-configured dbus:amd64 1.10.6-1ubuntu3
2019-04-06 13:22:36 status installed dbus:amd64 1.10.6-1ubuntu3
2019-04-06 13:22:36 configure libpam-systemd:amd64 229-4ubuntu4 <none>
2019-04-06 13:22:36 status unpacked libpam-systemd:amd64 229-4ubuntu4
2019-04-06 13:22:36 status half-configured libpam-systemd:amd64 229-4ubuntu4
2019-04-06 13:22:36 status installed libpam-systemd:amd64 229-4ubuntu4
2019-04-06 13:22:36 trigproc libc-bin:amd64 2.23-0ubuntu3 <none>
2019-04-06 13:22:36 status half-configured libc-bin:amd64 2.23-0ubuntu3
2019-04-06 13:22:36 status installed libc-bin:amd64 2.23-0ubuntu3
2019-04-06 13:22:37 trigproc systemd:amd64 229-4ubuntu4 <none>
2019-04-06 13:22:37 status half-configured systemd:amd64 229-4ubuntu4
2019-04-06 13:22:37 status installed systemd:amd64 229-4ubuntu4
2019-04-06 13:22:37 startup packages configure
